#
# There is insufficient memory for the Java Runtime Environment to continue.
# Native memory allocation (malloc) failed to allocate 32744 bytes for ChunkPool::allocate
# Possible reasons:
#   The system is out of physical RAM or swap space
#   The process is running with CompressedOops enabled, and the Java Heap may be blocking the growth of the native heap
# Possible solutions:
#   Reduce memory load on the system
#   Increase physical memory or swap space
#   Check if swap backing store is full
#   Decrease Java heap size (-Xmx/-Xms)
#   Decrease number of Java threads
#   Decrease Java thread stack sizes (-Xss)
#   Set larger code cache with -XX:ReservedCodeCacheSize=
#   JVM is running with Unscaled Compressed Oops mode in which the Java heap is
#     placed in the first 4GB address space. The Java Heap base address is the
#     maximum limit for the native heap growth. Please use -XX:HeapBaseMinAddress
#     to set the Java Heap base and to place the Java Heap above 4GB virtual address.
# This output file may be truncated or incomplete.
#
#  Out of Memory Error (allocation.cpp:272), pid=2820, tid=0x00000000000025fc
#
# JRE version: Java(TM) SE Runtime Environment (8.0_202-b08) (build 1.8.0_202-b08)
# Java VM: Java HotSpot(TM) 64-Bit Server VM (25.202-b08 mixed mode windows-amd64 compressed oops)
# Failed to write core dump. Minidumps are not enabled by default on client versions of Windows
#

---------------  T H R E A D  ---------------

Current thread (0x0000000017b4a000):  JavaThread "C2 CompilerThread0" daemon [_thread_in_native, id=9724, stack(0x0000000018db0000,0x0000000018eb0000)]

Stack: [0x0000000018db0000,0x0000000018eb0000]
[error occurred during error reporting (printing stack bounds), id 0xc0000005]

Native frames: (J=compiled Java code, j=interpreted, Vv=VM code, C=native code)


Current CompileTask:
C2:   5502 2103       4       java.net.URLClassLoader$1::run (5 bytes)


---------------  P R O C E S S  ---------------

Java Threads: ( => current thread )
  0x000000001d344800 JavaThread "AsyncHttpClient-1-2" daemon [_thread_in_native, id=11904, stack(0x000000001fb60000,0x000000001fc60000)]
  0x000000001d345800 JavaThread "Keep-Alive-Timer" daemon [_thread_blocked, id=4412, stack(0x000000001f860000,0x000000001f960000)]
  0x000000001d347800 JavaThread "Exec Stream Pumper" daemon [_thread_in_native, id=15572, stack(0x000000001f760000,0x000000001f860000)]
  0x000000001d346000 JavaThread "Exec Stream Pumper" daemon [_thread_in_native, id=14120, stack(0x000000001f660000,0x000000001f760000)]
  0x000000001d389800 JavaThread "UrlChecker-2" daemon [_thread_blocked, id=4136, stack(0x000000001f460000,0x000000001f560000)]
  0x000000001d388000 JavaThread "Driver Service Executor" daemon [_thread_blocked, id=16152, stack(0x000000001f360000,0x000000001f460000)]
  0x000000001d387800 JavaThread "Driver Service Executor" daemon [_thread_blocked, id=11920, stack(0x000000001f260000,0x000000001f360000)]
  0x000000001d380000 JavaThread "Exec Default Executor" daemon [_thread_in_native, id=16220, stack(0x000000001f160000,0x000000001f260000)]
  0x000000001a868800 JavaThread "AsyncHttpClient-1-1" daemon [_thread_blocked, id=4320, stack(0x000000001de90000,0x000000001df90000)]
  0x000000001c80a000 JavaThread "ForkJoinPool.commonPool-worker-1" daemon [_thread_blocked, id=7796, stack(0x000000001db90000,0x000000001dc90000)]
  0x0000000019eea000 JavaThread "ReaderThread" [_thread_in_native, id=8908, stack(0x000000001b0c0000,0x000000001b1c0000)]
  0x0000000017be4800 JavaThread "Service Thread" daemon [_thread_blocked, id=13800, stack(0x00000000191b0000,0x00000000192b0000)]
  0x0000000017b64800 JavaThread "C1 CompilerThread3" daemon [_thread_blocked, id=15860, stack(0x00000000190b0000,0x00000000191b0000)]
  0x0000000017b63800 JavaThread "C2 CompilerThread2" daemon [_thread_blocked, id=9504, stack(0x0000000018fb0000,0x00000000190b0000)]
  0x0000000017b57000 JavaThread "C2 CompilerThread1" daemon [_thread_blocked, id=8880, stack(0x0000000018eb0000,0x0000000018fb0000)]
=>0x0000000017b4a000 JavaThread "C2 CompilerThread0" daemon [_thread_in_native, id=9724, stack(0x0000000018db0000,0x0000000018eb0000)]
  0x0000000017b49000 JavaThread "Attach Listener" daemon [_thread_blocked, id=11884, stack(0x0000000018cb0000,0x0000000018db0000)]
  0x0000000017b48000 JavaThread "Signal Dispatcher" daemon [_thread_blocked, id=4008, stack(0x0000000018bb0000,0x0000000018cb0000)]
  0x0000000017a7e000 JavaThread "Finalizer" daemon [_thread_blocked, id=4180, stack(0x00000000189b0000,0x0000000018ab0000)]
  0x00000000166ee000 JavaThread "Reference Handler" daemon [_thread_blocked, id=2572, stack(0x00000000188b0000,0x00000000189b0000)]
  0x00000000028db800 JavaThread "Forwarding newSession on session null to remote" [_thread_blocked, id=9192, stack(0x00000000027d0000,0x00000000028d0000)]

Other Threads:
  0x00000000166e9800 VMThread [stack: 0x00000000187b0000,0x00000000188b0000] [id=2792]
  0x0000000017c74000 WatcherThread [stack: 0x00000000192b0000,0x00000000193b0000] [id=10700]

VM state:not at safepoint (normal execution)

VM Mutex/Monitor currently owned by a thread: None

heap address: 0x00000000a1400000, size: 1516 MB, Compressed Oops mode: 32-bit
Narrow klass base: 0x0000000000000000, Narrow klass shift: 3
Compressed class space size: 1073741824 Address: 0x0000000100000000

Heap:
 PSYoungGen      total 80896K, used 41395K [0x00000000e0700000, 0x00000000e7300000, 0x0000000100000000)
  eden space 74752K, 47% used [0x00000000e0700000,0x00000000e29710c8,0x00000000e5000000)
  from space 6144K, 99% used [0x00000000e6d00000,0x00000000e72fbba8,0x00000000e7300000)
  to   space 7680K, 0% used [0x00000000e6400000,0x00000000e6400000,0x00000000e6b80000)
 ParOldGen       total 44544K, used 7701K [0x00000000a1400000, 0x00000000a3f80000, 0x00000000e0700000)
  object space 44544K, 17% used [0x00000000a1400000,0x00000000a1b85590,0x00000000a3f80000)
 Metaspace       used 29774K, capacity 31286K, committed 31360K, reserved 1077248K
  class space    used 3821K, capacity 4187K, committed 4224K, reserved 1048576K

Card table byte_map: [0x0000000011d90000,0x0000000012090000] byte_map_base: 0x0000000011886000

Marking Bits: (ParMarkBitMap*) 0x000000006e665ce0
 Begin Bits: [0x0000000012a90000, 0x0000000014240000)
 End Bits:   [0x0000000014240000, 0x00000000159f0000)

Polling page: 0x0000000002510000

CodeCache: size=245760Kb used=7215Kb max_used=7227Kb free=238544Kb
 bounds [0x00000000029d0000, 0x00000000030f0000, 0x00000000119d0000]
 total_blobs=2588 nmethods=2103 adapters=398
 compilation: enabled

Compilation events (10 events):
Event: 5.355 Thread 0x0000000017b57000 nmethod 2099 0x00000000030d9fd0 code [0x00000000030da1a0, 0x00000000030db0d0]
Event: 5.378 Thread 0x0000000017b64800 2101       3       java.lang.Class::privateGetMethodRecursive (130 bytes)
Event: 5.379 Thread 0x0000000017b64800 nmethod 2101 0x00000000030d5810 code [0x00000000030d5a20, 0x00000000030d62f8]
Event: 5.379 Thread 0x0000000017b64800 2100       3       java.lang.Class::getMethod0 (40 bytes)
Event: 5.379 Thread 0x0000000017b64800 nmethod 2100 0x00000000030dcc90 code [0x00000000030dce20, 0x00000000030dd138]
Event: 5.393 Thread 0x0000000017b63800 2102  s!   4       java.net.URLStreamHandler::getHostAddress (54 bytes)
Event: 5.396 Thread 0x0000000017b63800 nmethod 2102 0x00000000030dc6d0 code [0x00000000030dc820, 0x00000000030dcb58]
Event: 5.414 Thread 0x0000000017b4a000 2103       4       java.net.URLClassLoader$1::run (5 bytes)
Event: 5.422 Thread 0x0000000017b57000 2104       4       java.security.CodeSource::getCertificates (98 bytes)
Event: 5.429 Thread 0x0000000017b57000 nmethod 2104 0x00000000030df890 code [0x00000000030dfa20, 0x00000000030dfe98]

GC Heap History (10 events):
Event: 2.014 GC heap before
{Heap before GC invocations=3 (full 0):
 PSYoungGen      total 28672K, used 28666K [0x00000000e0700000, 0x00000000e2700000, 0x0000000100000000)
  eden space 24576K, 100% used [0x00000000e0700000,0x00000000e1f00000,0x00000000e1f00000)
  from space 4096K, 99% used [0x00000000e2300000,0x00000000e26fea58,0x00000000e2700000)
  to   space 4096K, 0% used [0x00000000e1f00000,0x00000000e1f00000,0x00000000e2300000)
 ParOldGen       total 65536K, used 1887K [0x00000000a1400000, 0x00000000a5400000, 0x00000000e0700000)
  object space 65536K, 2% used [0x00000000a1400000,0x00000000a15d7e38,0x00000000a5400000)
 Metaspace       used 15595K, capacity 16274K, committed 16512K, reserved 1062912K
  class space    used 1875K, capacity 2063K, committed 2176K, reserved 1048576K
Event: 2.019 GC heap after
Heap after GC invocations=3 (full 0):
 PSYoungGen      total 28672K, used 4088K [0x00000000e0700000, 0x00000000e3f00000, 0x0000000100000000)
  eden space 24576K, 0% used [0x00000000e0700000,0x00000000e0700000,0x00000000e1f00000)
  from space 4096K, 99% used [0x00000000e1f00000,0x00000000e22fe360,0x00000000e2300000)
  to   space 4096K, 0% used [0x00000000e3b00000,0x00000000e3b00000,0x00000000e3f00000)
 ParOldGen       total 65536K, used 2757K [0x00000000a1400000, 0x00000000a5400000, 0x00000000e0700000)
  object space 65536K, 4% used [0x00000000a1400000,0x00000000a16b1510,0x00000000a5400000)
 Metaspace       used 15595K, capacity 16274K, committed 16512K, reserved 1062912K
  class space    used 1875K, capacity 2063K, committed 2176K, reserved 1048576K
}
Event: 2.359 GC heap before
{Heap before GC invocations=4 (full 0):
 PSYoungGen      total 28672K, used 28664K [0x00000000e0700000, 0x00000000e3f00000, 0x0000000100000000)
  eden space 24576K, 100% used [0x00000000e0700000,0x00000000e1f00000,0x00000000e1f00000)
  from space 4096K, 99% used [0x00000000e1f00000,0x00000000e22fe360,0x00000000e2300000)
  to   space 4096K, 0% used [0x00000000e3b00000,0x00000000e3b00000,0x00000000e3f00000)
 ParOldGen       total 65536K, used 2757K [0x00000000a1400000, 0x00000000a5400000, 0x00000000e0700000)
  object space 65536K, 4% used [0x00000000a1400000,0x00000000a16b1510,0x00000000a5400000)
 Metaspace       used 17573K, capacity 18434K, committed 18560K, reserved 1064960K
  class space    used 2156K, capacity 2375K, committed 2432K, reserved 1048576K
Event: 2.365 GC heap after
Heap after GC invocations=4 (full 0):
 PSYoungGen      total 53248K, used 4087K [0x00000000e0700000, 0x00000000e3f00000, 0x0000000100000000)
  eden space 49152K, 0% used [0x00000000e0700000,0x00000000e0700000,0x00000000e3700000)
  from space 4096K, 99% used [0x00000000e3b00000,0x00000000e3efdf48,0x00000000e3f00000)
  to   space 4096K, 0% used [0x00000000e3700000,0x00000000e3700000,0x00000000e3b00000)
 ParOldGen       total 65536K, used 4130K [0x00000000a1400000, 0x00000000a5400000, 0x00000000e0700000)
  object space 65536K, 6% used [0x00000000a1400000,0x00000000a18089b0,0x00000000a5400000)
 Metaspace       used 17573K, capacity 18434K, committed 18560K, reserved 1064960K
  class space    used 2156K, capacity 2375K, committed 2432K, reserved 1048576K
}
Event: 2.982 GC heap before
{Heap before GC invocations=5 (full 0):
 PSYoungGen      total 53248K, used 21659K [0x00000000e0700000, 0x00000000e3f00000, 0x0000000100000000)
  eden space 49152K, 35% used [0x00000000e0700000,0x00000000e1828db0,0x00000000e3700000)
  from space 4096K, 99% used [0x00000000e3b00000,0x00000000e3efdf48,0x00000000e3f00000)
  to   space 4096K, 0% used [0x00000000e3700000,0x00000000e3700000,0x00000000e3b00000)
 ParOldGen       total 65536K, used 4130K [0x00000000a1400000, 0x00000000a5400000, 0x00000000e0700000)
  object space 65536K, 6% used [0x00000000a1400000,0x00000000a18089b0,0x00000000a5400000)
 Metaspace       used 20234K, capacity 21136K, committed 21296K, reserved 1069056K
  class space    used 2469K, capacity 2686K, committed 2688K, reserved 1048576K
Event: 2.988 GC heap after
Heap after GC invocations=5 (full 0):
 PSYoungGen      total 53248K, used 4080K [0x00000000e0700000, 0x00000000e7300000, 0x0000000100000000)
  eden space 49152K, 0% used [0x00000000e0700000,0x00000000e0700000,0x00000000e3700000)
  from space 4096K, 99% used [0x00000000e3700000,0x00000000e3afc030,0x00000000e3b00000)
  to   space 6144K, 0% used [0x00000000e6d00000,0x00000000e6d00000,0x00000000e7300000)
 ParOldGen       total 65536K, used 6056K [0x00000000a1400000, 0x00000000a5400000, 0x00000000e0700000)
  object space 65536K, 9% used [0x00000000a1400000,0x00000000a19ea2d0,0x00000000a5400000)
 Metaspace       used 20234K, capacity 21136K, committed 21296K, reserved 1069056K
  class space    used 2469K, capacity 2686K, committed 2688K, reserved 1048576K
}
Event: 2.988 GC heap before
{Heap before GC invocations=6 (full 1):
 PSYoungGen      total 53248K, used 4080K [0x00000000e0700000, 0x00000000e7300000, 0x0000000100000000)
  eden space 49152K, 0% used [0x00000000e0700000,0x00000000e0700000,0x00000000e3700000)
  from space 4096K, 99% used [0x00000000e3700000,0x00000000e3afc030,0x00000000e3b00000)
  to   space 6144K, 0% used [0x00000000e6d00000,0x00000000e6d00000,0x00000000e7300000)
 ParOldGen       total 65536K, used 6056K [0x00000000a1400000, 0x00000000a5400000, 0x00000000e0700000)
  object space 65536K, 9% used [0x00000000a1400000,0x00000000a19ea2d0,0x00000000a5400000)
 Metaspace       used 20234K, capacity 21136K, committed 21296K, reserved 1069056K
  class space    used 2469K, capacity 2686K, committed 2688K, reserved 1048576K
Event: 3.022 GC heap after
Heap after GC invocations=6 (full 1):
 PSYoungGen      total 53248K, used 0K [0x00000000e0700000, 0x00000000e7300000, 0x0000000100000000)
  eden space 49152K, 0% used [0x00000000e0700000,0x00000000e0700000,0x00000000e3700000)
  from space 4096K, 0% used [0x00000000e3700000,0x00000000e3700000,0x00000000e3b00000)
  to   space 6144K, 0% used [0x00000000e6d00000,0x00000000e6d00000,0x00000000e7300000)
 ParOldGen       total 44544K, used 5970K [0x00000000a1400000, 0x00000000a3f80000, 0x00000000e0700000)
  object space 44544K, 13% used [0x00000000a1400000,0x00000000a19d48c0,0x00000000a3f80000)
 Metaspace       used 20234K, capacity 21136K, committed 21296K, reserved 1069056K
  class space    used 2469K, capacity 2686K, committed 2688K, reserved 1048576K
}
Event: 3.773 GC heap before
{Heap before GC invocations=7 (full 1):
 PSYoungGen      total 53248K, used 49152K [0x00000000e0700000, 0x00000000e7300000, 0x0000000100000000)
  eden space 49152K, 100% used [0x00000000e0700000,0x00000000e3700000,0x00000000e3700000)
  from space 4096K, 0% used [0x00000000e3700000,0x00000000e3700000,0x00000000e3b00000)
  to   space 6144K, 0% used [0x00000000e6d00000,0x00000000e6d00000,0x00000000e7300000)
 ParOldGen       total 44544K, used 5970K [0x00000000a1400000, 0x00000000a3f80000, 0x00000000e0700000)
  object space 44544K, 13% used [0x00000000a1400000,0x00000000a19d48c0,0x00000000a3f80000)
 Metaspace       used 25910K, capacity 27006K, committed 27136K, reserved 1073152K
  class space    used 3242K, capacity 3519K, committed 3584K, reserved 1048576K
Event: 3.780 GC heap after
Heap after GC invocations=7 (full 1):
 PSYoungGen      total 80896K, used 6126K [0x00000000e0700000, 0x00000000e7300000, 0x0000000100000000)
  eden space 74752K, 0% used [0x00000000e0700000,0x00000000e0700000,0x00000000e5000000)
  from space 6144K, 99% used [0x00000000e6d00000,0x00000000e72fbba8,0x00000000e7300000)
  to   space 7680K, 0% used [0x00000000e6400000,0x00000000e6400000,0x00000000e6b80000)
 ParOldGen       total 44544K, used 7701K [0x00000000a1400000, 0x00000000a3f80000, 0x00000000e0700000)
  object space 44544K, 17% used [0x00000000a1400000,0x00000000a1b85590,0x00000000a3f80000)
 Metaspace       used 25910K, capacity 27006K, committed 27136K, reserved 1073152K
  class space    used 3242K, capacity 3519K, committed 3584K, reserved 1048576K
}

Deoptimization events (10 events):
Event: 3.383 Thread 0x00000000028db800 Uncommon trap: reason=unstable_if action=reinterpret pc=0x0000000002eecd48 method=java.lang.Integer.parseInt(Ljava/lang/String;I)I @ 122
Event: 3.385 Thread 0x00000000028db800 Uncommon trap: reason=unstable_if action=reinterpret pc=0x0000000003001ca0 method=sun.misc.URLClassPath$JarLoader.getResource(Ljava/lang/String;ZLjava/util/Set;)Lsun/misc/Resource; @ 17
Event: 3.457 Thread 0x00000000028db800 Uncommon trap: reason=bimorphic action=maybe_recompile pc=0x0000000002f66180 method=java.util.regex.Pattern$Curly.match(Ljava/util/regex/Matcher;ILjava/lang/CharSequence;)Z @ 19
Event: 3.457 Thread 0x00000000028db800 Uncommon trap: reason=bimorphic action=maybe_recompile pc=0x0000000002f66180 method=java.util.regex.Pattern$Curly.match(Ljava/util/regex/Matcher;ILjava/lang/CharSequence;)Z @ 19
Event: 3.457 Thread 0x00000000028db800 Uncommon trap: reason=bimorphic action=maybe_recompile pc=0x0000000002f66180 method=java.util.regex.Pattern$Curly.match(Ljava/util/regex/Matcher;ILjava/lang/CharSequence;)Z @ 19
Event: 3.457 Thread 0x00000000028db800 Uncommon trap: reason=bimorphic action=maybe_recompile pc=0x0000000002f66180 method=java.util.regex.Pattern$Curly.match(Ljava/util/regex/Matcher;ILjava/lang/CharSequence;)Z @ 19
Event: 3.803 Thread 0x00000000028db800 Uncommon trap: reason=range_check action=make_not_entrant pc=0x00000000030558ac method=java.lang.String.charAt(I)C @ 27
Event: 3.809 Thread 0x00000000028db800 Uncommon trap: reason=unstable_if action=reinterpret pc=0x0000000002b5b31c method=java.lang.String.replace(CC)Ljava/lang/String; @ 2
Event: 4.377 Thread 0x00000000028db800 Uncommon trap: reason=unstable_if action=reinterpret pc=0x0000000002d68054 method=jdk.internal.org.objectweb.asm.Type.getArgumentsAndReturnSizes(Ljava/lang/String;)I @ 41
Event: 4.548 Thread 0x00000000028db800 Uncommon trap: reason=unstable_if action=reinterpret pc=0x0000000002ef2228 method=java.util.regex.Pattern$BmpCharProperty.match(Ljava/util/regex/Matcher;ILjava/lang/CharSequence;)Z @ 34

Classes redefined (0 events):
No events

Internal exceptions (10 events):
Event: 3.340 Thread 0x00000000028db800 Exception <a 'java/lang/NoSuchMethodError': java.lang.Object.lambda$create$0(Lorg/openqa/selenium/remote/http/HttpClient$Factory;)Z> (0x00000000e1bb5620) thrown at [C:\re\workspace\8-2-build-windows-amd64-cygwin\jdk8u202\12323\hotspot\src\share\vm\interpr
Event: 3.340 Thread 0x00000000028db800 Exception <a 'java/lang/NoSuchMethodError': java.lang.Object.lambda$create$1(Ljava/lang/String;Lorg/openqa/selenium/remote/http/HttpClient$Factory;)Z> (0x00000000e1bb8888) thrown at [C:\re\workspace\8-2-build-windows-amd64-cygwin\jdk8u202\12323\hotspot\sr
Event: 3.408 Thread 0x00000000028db800 Exception <a 'java/lang/NoClassDefFoundError'> (0x00000000e21222b8) thrown at [C:\re\workspace\8-2-build-windows-amd64-cygwin\jdk8u202\12323\hotspot\src\share\vm\oops\instanceKlass.cpp, line 959]
Event: 3.409 Thread 0x00000000028db800 Exception <a 'java/lang/NoClassDefFoundError': org/apache/logging/log4j/spi/ExtendedLoggerWrapper> (0x00000000e2141fb0) thrown at [C:\re\workspace\8-2-build-windows-amd64-cygwin\jdk8u202\12323\hotspot\src\share\vm\classfile\systemDictionary.cpp, line 199]
Event: 3.409 Thread 0x00000000028db800 Exception <a 'java/lang/NoClassDefFoundError'> (0x00000000e2141fb0) thrown at [C:\re\workspace\8-2-build-windows-amd64-cygwin\jdk8u202\12323\hotspot\src\share\vm\prims\jvm.cpp, line 1506]
Event: 3.411 Thread 0x00000000028db800 Exception <a 'java/lang/NoClassDefFoundError': org/apache/log4j/Priority> (0x00000000e215dd18) thrown at [C:\re\workspace\8-2-build-windows-amd64-cygwin\jdk8u202\12323\hotspot\src\share\vm\classfile\systemDictionary.cpp, line 199]
Event: 3.737 Thread 0x00000000028db800 Exception <a 'java/lang/NoSuchMethodError': java.lang.Object.lambda$andFinally$1(Lorg/openqa/selenium/remote/http/HttpHandler;Lorg/openqa/selenium/remote/http/HttpRequest;)Lorg/openqa/selenium/remote/http/HttpResponse;> (0x00000000e352c7f8) thrown at [C:\
Event: 4.338 Thread 0x000000001d389800 Exception <a 'java/net/SocketTimeoutException': connect timed out> (0x00000000e097ceb8) thrown at [C:\re\workspace\8-2-build-windows-amd64-cygwin\jdk8u202\12323\hotspot\src\share\vm\prims\jni.cpp, line 736]
Event: 4.422 Thread 0x00000000028db800 Exception <a 'java/lang/NoSuchMethodError': java.lang.Object.lambda$chars$0()Ljava/util/Spliterator$OfInt;> (0x00000000e0d3f720) thrown at [C:\re\workspace\8-2-build-windows-amd64-cygwin\jdk8u202\12323\hotspot\src\share\vm\interpreter\linkResolver.cpp, li
Event: 4.497 Thread 0x00000000028db800 Exception <a 'java/lang/NoSuchMethodError': java.lang.Object.lambda$negate$1(Ljava/lang/Object;)Z> (0x00000000e1055608) thrown at [C:\re\workspace\8-2-build-windows-amd64-cygwin\jdk8u202\12323\hotspot\src\share\vm\interpreter\linkResolver.cpp, line 620]

Events (10 events):
Event: 5.420 loading class io/netty/buffer/PoolThreadCache$MemoryRegionCache$Entry
Event: 5.420 loading class io/netty/buffer/PoolThreadCache$MemoryRegionCache$Entry done
Event: 5.420 loading class sun/nio/ch/IOVecWrapper
Event: 5.421 loading class sun/nio/ch/IOVecWrapper done
Event: 5.421 loading class sun/nio/ch/IOVecWrapper$Deallocator
Event: 5.421 loading class sun/nio/ch/IOVecWrapper$Deallocator done
Event: 5.421 loading class io/netty/util/internal/PromiseNotificationUtil
Event: 5.421 loading class io/netty/util/internal/PromiseNotificationUtil done
Event: 5.422 loading class org/asynchttpclient/AsyncHandler$State
Event: 5.422 loading class org/asynchttpclient/AsyncHandler$State done


Dynamic libraries:
0x00007ff6d6e30000 - 0x00007ff6d6e67000 	C:\Program Files\Java\jdk1.8.0_202\bin\javaw.exe
0x00007ffa909d0000 - 0x00007ffa90be4000 	C:\WINDOWS\SYSTEM32\ntdll.dll
0x00007ffa8f4a0000 - 0x00007ffa8f563000 	C:\WINDOWS\System32\KERNEL32.DLL
0x00007ffa8e320000 - 0x00007ffa8e6bc000 	C:\WINDOWS\System32\KERNELBASE.dll
0x00007ffa8bd70000 - 0x00007ffa8be07000 	C:\WINDOWS\SYSTEM32\apphelp.dll
0x00007ffa66700000 - 0x00007ffa66b9e000 	C:\WINDOWS\SYSTEM32\AcLayers.DLL
0x00007ffa90020000 - 0x00007ffa900c7000 	C:\WINDOWS\System32\msvcrt.dll
0x00007ffa8ed50000 - 0x00007ffa8edae000 	C:\WINDOWS\System32\SHLWAPI.dll
0x00007ffa8a1e0000 - 0x00007ffa8a1f5000 	C:\WINDOWS\SYSTEM32\SortWindows6Compat.dll
0x00007ffa8f7f0000 - 0x00007ffa8f89e000 	C:\WINDOWS\System32\ADVAPI32.dll
0x00007ffa8f570000 - 0x00007ffa8f614000 	C:\WINDOWS\System32\sechost.dll
0x00007ffa8f620000 - 0x00007ffa8f735000 	C:\WINDOWS\System32\RPCRT4.dll
0x00007ffa8f9a0000 - 0x00007ffa8fb4d000 	C:\WINDOWS\System32\USER32.dll
0x00007ffa8de10000 - 0x00007ffa8de36000 	C:\WINDOWS\System32\win32u.dll
0x00007ffa8fdd0000 - 0x00007ffa8fdf9000 	C:\WINDOWS\System32\GDI32.dll
0x00007ffa8e0e0000 - 0x00007ffa8e1f3000 	C:\WINDOWS\System32\gdi32full.dll
0x00007ffa8e740000 - 0x00007ffa8e7da000 	C:\WINDOWS\System32\msvcp_win.dll
0x00007ffa8e200000 - 0x00007ffa8e311000 	C:\WINDOWS\System32\ucrtbase.dll
0x00007ffa753b0000 - 0x00007ffa7563e000 	C:\WINDOWS\WinSxS\amd64_microsoft.windows.common-controls_6595b64144ccf1df_6.0.22621.608_none_a9444ca7c10bb01d\COMCTL32.dll
0x00007ffa8e890000 - 0x00007ffa8e8c1000 	C:\WINDOWS\System32\IMM32.DLL
0x000000006e6f0000 - 0x000000006e7c2000 	C:\Program Files\Java\jdk1.8.0_202\jre\bin\msvcr100.dll
0x000000006de40000 - 0x000000006e6e5000 	C:\Program Files\Java\jdk1.8.0_202\jre\bin\server\jvm.dll
0x00007ffa8f320000 - 0x00007ffa8f328000 	C:\WINDOWS\System32\PSAPI.DLL
0x00007ffa863e0000 - 0x00007ffa863ea000 	C:\WINDOWS\SYSTEM32\VERSION.dll
0x00007ffa8a1d0000 - 0x00007ffa8a1d9000 	C:\WINDOWS\SYSTEM32\WSOCK32.dll
0x00007ffa879e0000 - 0x00007ffa87a14000 	C:\WINDOWS\SYSTEM32\WINMM.dll
0x00007ffa90910000 - 0x00007ffa90981000 	C:\WINDOWS\System32\WS2_32.dll
0x00007ffa8a1b0000 - 0x00007ffa8a1bf000 	C:\Program Files\Java\jdk1.8.0_202\jre\bin\verify.dll
0x00007ffa69680000 - 0x00007ffa696a9000 	C:\Program Files\Java\jdk1.8.0_202\jre\bin\java.dll
0x00007ffa87b50000 - 0x00007ffa87b66000 	C:\Program Files\Java\jdk1.8.0_202\jre\bin\zip.dll
0x00007ffa900d0000 - 0x00007ffa908c0000 	C:\WINDOWS\System32\SHELL32.dll
0x00007ffa87110000 - 0x00007ffa879de000 	C:\WINDOWS\SYSTEM32\windows.storage.dll
0x00007ffa8edb0000 - 0x00007ffa8f139000 	C:\WINDOWS\System32\combase.dll
0x00007ffa87f80000 - 0x00007ffa880be000 	C:\WINDOWS\SYSTEM32\wintypes.dll
0x00007ffa8f3a0000 - 0x00007ffa8f491000 	C:\WINDOWS\System32\SHCORE.dll
0x00007ffa8dd40000 - 0x00007ffa8dd61000 	C:\WINDOWS\SYSTEM32\profapi.dll
0x00007ffa68c90000 - 0x00007ffa68caa000 	C:\Program Files\Java\jdk1.8.0_202\jre\bin\net.dll
0x00007ffa6c080000 - 0x00007ffa6c270000 	C:\WINDOWS\SYSTEM32\urlmon.dll
0x00007ffa72210000 - 0x00007ffa724c1000 	C:\WINDOWS\SYSTEM32\iertutil.dll
0x00007ffa6fd10000 - 0x00007ffa6fd38000 	C:\WINDOWS\SYSTEM32\srvcli.dll
0x00007ffa8c900000 - 0x00007ffa8c90c000 	C:\WINDOWS\SYSTEM32\netutils.dll
0x00007ffa8d2d0000 - 0x00007ffa8d339000 	C:\WINDOWS\system32\mswsock.dll
0x00007ffa8c9b0000 - 0x00007ffa8caa3000 	C:\WINDOWS\SYSTEM32\DNSAPI.dll
0x00007ffa8c940000 - 0x00007ffa8c96d000 	C:\WINDOWS\SYSTEM32\IPHLPAPI.DLL
0x00007ffa8f310000 - 0x00007ffa8f319000 	C:\WINDOWS\System32\NSI.dll
0x00007ffa78da0000 - 0x00007ffa78daa000 	C:\Windows\System32\rasadhlp.dll
0x00007ffa85110000 - 0x00007ffa85193000 	C:\WINDOWS\System32\fwpuclnt.dll
0x00007ffa8d530000 - 0x00007ffa8d54b000 	C:\WINDOWS\SYSTEM32\CRYPTSP.dll
0x00007ffa8cdd0000 - 0x00007ffa8ce05000 	C:\WINDOWS\system32\rsaenh.dll
0x00007ffa8d3d0000 - 0x00007ffa8d3f8000 	C:\WINDOWS\SYSTEM32\USERENV.dll
0x00007ffa8d6d0000 - 0x00007ffa8d6f8000 	C:\WINDOWS\SYSTEM32\bcrypt.dll
0x00007ffa8e6c0000 - 0x00007ffa8e73b000 	C:\WINDOWS\System32\bcryptprimitives.dll
0x00007ffa8d550000 - 0x00007ffa8d55c000 	C:\WINDOWS\SYSTEM32\CRYPTBASE.dll
0x00007ffa87e90000 - 0x00007ffa87ea9000 	C:\WINDOWS\SYSTEM32\dhcpcsvc6.DLL
0x00007ffa86ef0000 - 0x00007ffa86f0f000 	C:\WINDOWS\SYSTEM32\dhcpcsvc.DLL
0x00007ffa68c70000 - 0x00007ffa68c82000 	C:\Program Files\Java\jdk1.8.0_202\jre\bin\nio.dll
0x00007ffa68c10000 - 0x00007ffa68c34000 	C:\Program Files\Java\jdk1.8.0_202\jre\bin\sunec.dll
0x00007ffa8a1a0000 - 0x00007ffa8a1ab000 	C:\Program Files\Java\jdk1.8.0_202\jre\bin\sunmscapi.dll
0x00007ffa8df70000 - 0x00007ffa8e0d6000 	C:\WINDOWS\System32\CRYPT32.dll
0x00007ffa87b90000 - 0x00007ffa87b9d000 	C:\Program Files\Java\jdk1.8.0_202\jre\bin\management.dll
0x00007ffa6faa0000 - 0x00007ffa6fab7000 	C:\WINDOWS\system32\napinsp.dll
0x00007ffa6fa80000 - 0x00007ffa6fa9b000 	C:\WINDOWS\system32\pnrpnsp.dll
0x00007ffa6f8a0000 - 0x00007ffa6f8b1000 	C:\WINDOWS\System32\winrnr.dll
0x00007ffa6f880000 - 0x00007ffa6f895000 	C:\WINDOWS\system32\wshbth.dll
0x00007ffa6f850000 - 0x00007ffa6f871000 	C:\WINDOWS\system32\nlansp_c.dll

VM Arguments:
jvm_args: -ea -Dfile.encoding=Cp1252 
java_command: org.testng.remote.RemoteTestNG -serport 52114 -protocol json -d E:\SDET Training WS\MiniCaseStudyCucumber\test-output C:\Users\MOHANA~1\AppData\Local\Temp\testng-eclipse--1976515676\testng-customsuite.xml
java_class_path (initial): C:\Users\mohanapriya\eclipse\java-2022-03\eclipse\configuration\org.eclipse.osgi\433\0\.cp\lib\testng-remote.jar;E:\SDET Training WS\MiniCaseStudyCucumber\target\test-classes;E:\SDET Training WS\MiniCaseStudyCucumber\target\classes;C:\Users\mohanapriya\.p2\pool\plugins\org.testng_7.4.0.r202105021533.jar;C:\Users\mohanapriya\.p2\pool\plugins\com.beust.jcommander_1.78.0.jar;C:\Users\mohanapriya\.p2\pool\plugins\org.apache-extras.beanshell.bsh_2.0.0.b6.jar;C:\Users\mohanapriya\.p2\pool\plugins\org.yaml.snakeyaml_1.21.0.jar;C:\Users\mohanapriya\.p2\pool\plugins\org.webjars.jquery_3.5.1.jar;C:\Users\mohanapriya\.m2\repository\org\seleniumhq\selenium\selenium-java\4.6.0\selenium-java-4.6.0.jar;C:\Users\mohanapriya\.m2\repository\org\seleniumhq\selenium\selenium-api\4.6.0\selenium-api-4.6.0.jar;C:\Users\mohanapriya\.m2\repository\org\seleniumhq\selenium\selenium-chrome-driver\4.6.0\selenium-chrome-driver-4.6.0.jar;C:\Users\mohanapriya\.m2\repository\com\google\auto\service\auto-service-annotations\1.0.1\auto-service-annotations-1.0.1.jar;C:\Users\mohanapriya\.m2\repository\com\google\auto\service\auto-service\1.0.1\auto-service-1.0.1.jar;C:\Users\mohanapriya\.m2\repository\com\google\auto\auto-common\1.2\auto-common-1.2.jar;C:\Users\mohanapriya\.m2\repository\com\google\guava\guava\31.1-jre\guava-31.1-jre.jar;C:\Users\mohanapriya\.m2\repository\com\google\guava\failureaccess\1.0.1\failureaccess-1.0.1.jar;C:\Users\mohanapriya\.m2\repository\com\google\guava\listenablefuture\9999.0-empty-to-avoid-conflict-with-guava\listenablefuture-9999.0-empty-to-avoid-conflict-with-guava.jar;C:\Users\mohanapriya\.m2\repository\com\google\code\findbugs\jsr305\3.0.2\jsr305-3.0.2.jar;C:\Users\mohanapriya\.m2\repository\org\checkerframework\checker-qual\3.12.0\checker-qual-3.12.0.jar;C:\Users\mohanapriya\.m2\repository\com\google\errorprone\error_prone_annotations\2.11.0\error_prone_annotations-2.11.0.jar;C:\Users\mohanapriya\.m2\repository\com\google\j2objc\j2obj
Launcher Type: SUN_STANDARD

Environment Variables:
JAVA_HOME=C:\Program Files\Java\jdk1.8.0_202
PATH=C:/Users/mohanapriya/.p2/pool/plugins/org.eclipse.justj.openjdk.hotspot.jre.full.win32.x86_64_17.0.2.v20220201-1208/jre/bin/server;C:/Users/mohanapriya/.p2/pool/plugins/org.eclipse.justj.openjdk.hotspot.jre.full.win32.x86_64_17.0.2.v20220201-1208/jre/bin;C:\Program Files (x86)\Common Files\Oracle\Java\javapath;C:\Program Files\Java\jdk1.8.0_202;C:\Program Files\apache-maven-3.9.0\bin;C:\WINDOWS\system32;C:\WINDOWS;C:\WINDOWS\System32\Wbem;C:\WINDOWS\System32\WindowsPowerShell\v1.0\;C:\WINDOWS\System32\OpenSSH\;C:\Program Files\Java\jdk1.8.0_202\bin;C:\Program Files\apache-maven-3.9.0\bin;C:\Program Files\Git\cmd;C:\Users\mohanapriya\AppData\Local\Programs\Python\Python37\Scripts\;C:\Users\mohanapriya\AppData\Local\Programs\Python\Python37\;C:\Program Files\MySQL\MySQL Shell 8.0\bin\;C:\Python\Python37\Scripts\;C:\Python\Python37\;C:\Users\mohanapriya\AppData\Local\Microsoft\WindowsApps;C:\Program Files\CodeBlocks\MinGW\bin;C:\Users\mohanapriya\AppData\Local\Programs\Microsoft VS Code\bin;C:\Users\mohanapriya\OneDrive\Desktop;
USERNAME=mohanapriya
OS=Windows_NT
PROCESSOR_IDENTIFIER=AMD64 Family 23 Model 24 Stepping 1, AuthenticAMD



---------------  S Y S T E M  ---------------

OS: Windows 10.0 , 64 bit Build 22621 (10.0.22621.1344)

CPU:total 8 (initial active 8) (8 cores per cpu, 1 threads per core) family 23 model 24 stepping 1, cmov, cx8, fxsr, mmx, sse, sse2, sse3, ssse3, sse4.1, sse4.2, popcnt, avx, avx2, aes, clmul, mmxext, 3dnowpref, lzcnt, sse4a, tsc, tscinvbit, tscinv, bmi1

Memory: 4k page, physical 6203148k(1590424k free), swap 8300300k(5120k free)

vm_info: Java HotSpot(TM) 64-Bit Server VM (25.202-b08) for windows-amd64 JRE (1.8.0_202-b08), built on Dec 15 2018 19:54:30 by "java_re" with MS VC++ 10.0 (VS2010)

time: Thu Mar 16 17:09:07 2023
timezone: India Standard Time
elapsed time: 5 seconds (0d 0h 0m 5s)

