#
# There is insufficient memory for the Java Runtime Environment to continue.
# Native memory allocation (malloc) failed to allocate 807216 bytes for Chunk::new
# Possible reasons:
#   The system is out of physical RAM or swap space
#   The process is running with CompressedOops enabled, and the Java Heap may be blocking the growth of the native heap
# Possible solutions:
#   Reduce memory load on the system
#   Increase physical memory or swap space
#   Check if swap backing store is full
#   Decrease Java heap size (-Xmx/-Xms)
#   Decrease number of Java threads
#   Decrease Java thread stack sizes (-Xss)
#   Set larger code cache with -XX:ReservedCodeCacheSize=
#   JVM is running with Unscaled Compressed Oops mode in which the Java heap is
#     placed in the first 4GB address space. The Java Heap base address is the
#     maximum limit for the native heap growth. Please use -XX:HeapBaseMinAddress
#     to set the Java Heap base and to place the Java Heap above 4GB virtual address.
# This output file may be truncated or incomplete.
#
#  Out of Memory Error (allocation.cpp:389), pid=5824, tid=0x0000000000001dc0
#
# JRE version: Java(TM) SE Runtime Environment (8.0_202-b08) (build 1.8.0_202-b08)
# Java VM: Java HotSpot(TM) 64-Bit Server VM (25.202-b08 mixed mode windows-amd64 compressed oops)
# Failed to write core dump. Minidumps are not enabled by default on client versions of Windows
#

---------------  T H R E A D  ---------------

Current thread (0x0000000017f26000):  JavaThread "C2 CompilerThread1" daemon [_thread_in_native, id=7616, stack(0x0000000019290000,0x0000000019390000)]

Stack: [0x0000000019290000,0x0000000019390000]
[error occurred during error reporting (printing stack bounds), id 0xc0000005]

Native frames: (J=compiled Java code, j=interpreted, Vv=VM code, C=native code)


Current CompileTask:
C2:   6018 2154       4       java.net.URLClassLoader$1::run (5 bytes)


---------------  P R O C E S S  ---------------

Java Threads: ( => current thread )
  0x000000001d745000 JavaThread "AsyncHttpClient-1-2" daemon [_thread_in_native, id=3984, stack(0x000000001ff40000,0x0000000020040000)]
  0x000000001d742800 JavaThread "Keep-Alive-Timer" daemon [_thread_blocked, id=10020, stack(0x000000001fc40000,0x000000001fd40000)]
  0x000000001e585000 JavaThread "UrlChecker-2" daemon [_thread_in_native, id=9004, stack(0x000000001f840000,0x000000001f940000)]
  0x000000001e57f000 JavaThread "Driver Service Executor" daemon [_thread_blocked, id=11216, stack(0x000000001f740000,0x000000001f840000)]
  0x000000001e57e800 JavaThread "Driver Service Executor" daemon [_thread_blocked, id=2560, stack(0x000000001f640000,0x000000001f740000)]
  0x000000001ced3000 JavaThread "AsyncHttpClient-1-1" daemon [_thread_blocked, id=14084, stack(0x000000001e270000,0x000000001e370000)]
  0x0000000019abd800 JavaThread "ForkJoinPool.commonPool-worker-1" daemon [_thread_blocked, id=6396, stack(0x000000001df70000,0x000000001e070000)]
  0x000000001a31f800 JavaThread "ReaderThread" [_thread_in_native, id=14248, stack(0x000000001b4a0000,0x000000001b5a0000)]
  0x0000000017f85800 JavaThread "Service Thread" daemon [_thread_blocked, id=13548, stack(0x0000000019590000,0x0000000019690000)]
  0x0000000017f29000 JavaThread "C1 CompilerThread3" daemon [_thread_blocked, id=8252, stack(0x0000000019490000,0x0000000019590000)]
  0x0000000017f2c000 JavaThread "C2 CompilerThread2" daemon [_thread_blocked, id=5820, stack(0x0000000019390000,0x0000000019490000)]
=>0x0000000017f26000 JavaThread "C2 CompilerThread1" daemon [_thread_in_native, id=7616, stack(0x0000000019290000,0x0000000019390000)]
  0x0000000017f1d000 JavaThread "C2 CompilerThread0" daemon [_thread_blocked, id=9712, stack(0x0000000019190000,0x0000000019290000)]
  0x0000000017f18000 JavaThread "Attach Listener" daemon [_thread_blocked, id=9132, stack(0x0000000019090000,0x0000000019190000)]
  0x0000000017f17000 JavaThread "Signal Dispatcher" daemon [_thread_blocked, id=10064, stack(0x0000000018f90000,0x0000000019090000)]
  0x0000000017e4d000 JavaThread "Finalizer" daemon [_thread_blocked, id=16144, stack(0x0000000018d90000,0x0000000018e90000)]
  0x0000000017e3e000 JavaThread "Reference Handler" daemon [_thread_blocked, id=15948, stack(0x0000000018c90000,0x0000000018d90000)]
  0x0000000002c9b800 JavaThread "Forwarding newSession on session null to remote" [_thread_blocked, id=12008, stack(0x0000000002af0000,0x0000000002bf0000)]

Other Threads:
  0x0000000016aa9000 VMThread [stack: 0x0000000018b90000,0x0000000018c90000] [id=15340]
  0x0000000017f8b000 WatcherThread [stack: 0x0000000019690000,0x0000000019790000] [id=4432]

VM state:not at safepoint (normal execution)

VM Mutex/Monitor currently owned by a thread: None

OutOfMemory and StackOverflow Exception counts:
OutOfMemoryError java_heap_errors=2

heap address: 0x00000000a1400000, size: 1516 MB, Compressed Oops mode: 32-bit
Narrow klass base: 0x0000000000000000, Narrow klass shift: 3
Compressed class space size: 1073741824 Address: 0x0000000100000000

Heap:
 PSYoungGen      total 81920K, used 36138K [0x00000000e0700000, 0x00000000e7300000, 0x0000000100000000)
  eden space 75776K, 39% used [0x00000000e0700000,0x00000000e244e938,0x00000000e5100000)
  from space 6144K, 99% used [0x00000000e6d00000,0x00000000e72fc288,0x00000000e7300000)
  to   space 7680K, 0% used [0x00000000e6400000,0x00000000e6400000,0x00000000e6b80000)
 ParOldGen       total 44032K, used 7701K [0x00000000a1400000, 0x00000000a3f00000, 0x00000000e0700000)
  object space 44032K, 17% used [0x00000000a1400000,0x00000000a1b85758,0x00000000a3f00000)
 Metaspace       used 29801K, capacity 31260K, committed 31360K, reserved 1077248K
  class space    used 3824K, capacity 4156K, committed 4224K, reserved 1048576K

Card table byte_map: [0x0000000012150000,0x0000000012450000] byte_map_base: 0x0000000011c46000

Marking Bits: (ParMarkBitMap*) 0x000000006c975ce0
 Begin Bits: [0x0000000012e50000, 0x0000000014600000)
 End Bits:   [0x0000000014600000, 0x0000000015db0000)

Polling page: 0x0000000000cc0000

CodeCache: size=245760Kb used=7293Kb max_used=7305Kb free=238466Kb
 bounds [0x0000000002d90000, 0x00000000034c0000, 0x0000000011d90000]
 total_blobs=2637 nmethods=2154 adapters=396
 compilation: enabled

Compilation events (10 events):
Event: 5.806 Thread 0x0000000017f29000 nmethod 2149 0x00000000034b2a50 code [0x00000000034b2bc0, 0x00000000034b2de8]
Event: 5.807 Thread 0x0000000017f29000 2151       3       java.lang.Integer::<init> (10 bytes)
Event: 5.807 Thread 0x0000000017f29000 nmethod 2151 0x00000000034b2610 code [0x00000000034b2780, 0x00000000034b2990]
Event: 5.807 Thread 0x0000000017f29000 2152       3       java.util.Calendar::internalSet (8 bytes)
Event: 5.807 Thread 0x0000000017f29000 nmethod 2152 0x00000000034b2250 code [0x00000000034b23a0, 0x00000000034b2510]
Event: 5.808 Thread 0x0000000017f26000 2154       4       java.net.URLClassLoader$1::run (5 bytes)
Event: 5.808 Thread 0x0000000017f29000 2153       1       java.util.Formatter$FixedString::index (3 bytes)
Event: 5.808 Thread 0x0000000017f29000 nmethod 2153 0x00000000034b1f90 code [0x00000000034b20e0, 0x00000000034b21f0]
Event: 5.813 Thread 0x0000000017f1d000 2155       4       java.util.jar.Attributes$Name::hashCode (24 bytes)
Event: 5.820 Thread 0x0000000017f1d000 nmethod 2155 0x00000000034b04d0 code [0x00000000034b0620, 0x00000000034b08f8]

GC Heap History (10 events):
Event: 2.012 GC heap before
{Heap before GC invocations=3 (full 0):
 PSYoungGen      total 28672K, used 28661K [0x00000000e0700000, 0x00000000e2700000, 0x0000000100000000)
  eden space 24576K, 100% used [0x00000000e0700000,0x00000000e1f00000,0x00000000e1f00000)
  from space 4096K, 99% used [0x00000000e2300000,0x00000000e26fd580,0x00000000e2700000)
  to   space 4096K, 0% used [0x00000000e1f00000,0x00000000e1f00000,0x00000000e2300000)
 ParOldGen       total 65536K, used 1875K [0x00000000a1400000, 0x00000000a5400000, 0x00000000e0700000)
  object space 65536K, 2% used [0x00000000a1400000,0x00000000a15d4e28,0x00000000a5400000)
 Metaspace       used 15633K, capacity 16274K, committed 16512K, reserved 1062912K
  class space    used 1881K, capacity 2063K, committed 2176K, reserved 1048576K
Event: 2.016 GC heap after
Heap after GC invocations=3 (full 0):
 PSYoungGen      total 28672K, used 4066K [0x00000000e0700000, 0x00000000e3f00000, 0x0000000100000000)
  eden space 24576K, 0% used [0x00000000e0700000,0x00000000e0700000,0x00000000e1f00000)
  from space 4096K, 99% used [0x00000000e1f00000,0x00000000e22f89f0,0x00000000e2300000)
  to   space 4096K, 0% used [0x00000000e3b00000,0x00000000e3b00000,0x00000000e3f00000)
 ParOldGen       total 65536K, used 2738K [0x00000000a1400000, 0x00000000a5400000, 0x00000000e0700000)
  object space 65536K, 4% used [0x00000000a1400000,0x00000000a16acb48,0x00000000a5400000)
 Metaspace       used 15633K, capacity 16274K, committed 16512K, reserved 1062912K
  class space    used 1881K, capacity 2063K, committed 2176K, reserved 1048576K
}
Event: 2.349 GC heap before
{Heap before GC invocations=4 (full 0):
 PSYoungGen      total 28672K, used 28642K [0x00000000e0700000, 0x00000000e3f00000, 0x0000000100000000)
  eden space 24576K, 100% used [0x00000000e0700000,0x00000000e1f00000,0x00000000e1f00000)
  from space 4096K, 99% used [0x00000000e1f00000,0x00000000e22f89f0,0x00000000e2300000)
  to   space 4096K, 0% used [0x00000000e3b00000,0x00000000e3b00000,0x00000000e3f00000)
 ParOldGen       total 65536K, used 2738K [0x00000000a1400000, 0x00000000a5400000, 0x00000000e0700000)
  object space 65536K, 4% used [0x00000000a1400000,0x00000000a16acb48,0x00000000a5400000)
 Metaspace       used 17570K, capacity 18416K, committed 18560K, reserved 1064960K
  class space    used 2151K, capacity 2370K, committed 2432K, reserved 1048576K
Event: 2.355 GC heap after
Heap after GC invocations=4 (full 0):
 PSYoungGen      total 53248K, used 4087K [0x00000000e0700000, 0x00000000e3f00000, 0x0000000100000000)
  eden space 49152K, 0% used [0x00000000e0700000,0x00000000e0700000,0x00000000e3700000)
  from space 4096K, 99% used [0x00000000e3b00000,0x00000000e3efdf48,0x00000000e3f00000)
  to   space 4096K, 0% used [0x00000000e3700000,0x00000000e3700000,0x00000000e3b00000)
 ParOldGen       total 65536K, used 4133K [0x00000000a1400000, 0x00000000a5400000, 0x00000000e0700000)
  object space 65536K, 6% used [0x00000000a1400000,0x00000000a1809668,0x00000000a5400000)
 Metaspace       used 17570K, capacity 18416K, committed 18560K, reserved 1064960K
  class space    used 2151K, capacity 2370K, committed 2432K, reserved 1048576K
}
Event: 2.972 GC heap before
{Heap before GC invocations=5 (full 0):
 PSYoungGen      total 53248K, used 22606K [0x00000000e0700000, 0x00000000e3f00000, 0x0000000100000000)
  eden space 49152K, 37% used [0x00000000e0700000,0x00000000e1915a00,0x00000000e3700000)
  from space 4096K, 99% used [0x00000000e3b00000,0x00000000e3efdf48,0x00000000e3f00000)
  to   space 4096K, 0% used [0x00000000e3700000,0x00000000e3700000,0x00000000e3b00000)
 ParOldGen       total 65536K, used 4133K [0x00000000a1400000, 0x00000000a5400000, 0x00000000e0700000)
  object space 65536K, 6% used [0x00000000a1400000,0x00000000a1809668,0x00000000a5400000)
 Metaspace       used 20262K, capacity 21136K, committed 21296K, reserved 1069056K
  class space    used 2470K, capacity 2686K, committed 2688K, reserved 1048576K
Event: 2.979 GC heap after
Heap after GC invocations=5 (full 0):
 PSYoungGen      total 53248K, used 4087K [0x00000000e0700000, 0x00000000e7300000, 0x0000000100000000)
  eden space 49152K, 0% used [0x00000000e0700000,0x00000000e0700000,0x00000000e3700000)
  from space 4096K, 99% used [0x00000000e3700000,0x00000000e3afdf48,0x00000000e3b00000)
  to   space 6144K, 0% used [0x00000000e6d00000,0x00000000e6d00000,0x00000000e7300000)
 ParOldGen       total 65536K, used 6099K [0x00000000a1400000, 0x00000000a5400000, 0x00000000e0700000)
  object space 65536K, 9% used [0x00000000a1400000,0x00000000a19f4ce8,0x00000000a5400000)
 Metaspace       used 20262K, capacity 21136K, committed 21296K, reserved 1069056K
  class space    used 2470K, capacity 2686K, committed 2688K, reserved 1048576K
}
Event: 2.979 GC heap before
{Heap before GC invocations=6 (full 1):
 PSYoungGen      total 53248K, used 4087K [0x00000000e0700000, 0x00000000e7300000, 0x0000000100000000)
  eden space 49152K, 0% used [0x00000000e0700000,0x00000000e0700000,0x00000000e3700000)
  from space 4096K, 99% used [0x00000000e3700000,0x00000000e3afdf48,0x00000000e3b00000)
  to   space 6144K, 0% used [0x00000000e6d00000,0x00000000e6d00000,0x00000000e7300000)
 ParOldGen       total 65536K, used 6099K [0x00000000a1400000, 0x00000000a5400000, 0x00000000e0700000)
  object space 65536K, 9% used [0x00000000a1400000,0x00000000a19f4ce8,0x00000000a5400000)
 Metaspace       used 20262K, capacity 21136K, committed 21296K, reserved 1069056K
  class space    used 2470K, capacity 2686K, committed 2688K, reserved 1048576K
Event: 3.011 GC heap after
Heap after GC invocations=6 (full 1):
 PSYoungGen      total 53248K, used 0K [0x00000000e0700000, 0x00000000e7300000, 0x0000000100000000)
  eden space 49152K, 0% used [0x00000000e0700000,0x00000000e0700000,0x00000000e3700000)
  from space 4096K, 0% used [0x00000000e3700000,0x00000000e3700000,0x00000000e3b00000)
  to   space 6144K, 0% used [0x00000000e6d00000,0x00000000e6d00000,0x00000000e7300000)
 ParOldGen       total 44032K, used 6010K [0x00000000a1400000, 0x00000000a3f00000, 0x00000000e0700000)
  object space 44032K, 13% used [0x00000000a1400000,0x00000000a19deaf8,0x00000000a3f00000)
 Metaspace       used 20262K, capacity 21136K, committed 21296K, reserved 1069056K
  class space    used 2470K, capacity 2686K, committed 2688K, reserved 1048576K
}
Event: 3.854 GC heap before
{Heap before GC invocations=7 (full 1):
 PSYoungGen      total 53248K, used 49150K [0x00000000e0700000, 0x00000000e7300000, 0x0000000100000000)
  eden space 49152K, 99% used [0x00000000e0700000,0x00000000e36ffa40,0x00000000e3700000)
  from space 4096K, 0% used [0x00000000e3700000,0x00000000e3700000,0x00000000e3b00000)
  to   space 6144K, 0% used [0x00000000e6d00000,0x00000000e6d00000,0x00000000e7300000)
 ParOldGen       total 44032K, used 6010K [0x00000000a1400000, 0x00000000a3f00000, 0x00000000e0700000)
  object space 44032K, 13% used [0x00000000a1400000,0x00000000a19deaf8,0x00000000a3f00000)
 Metaspace       used 25919K, capacity 27010K, committed 27136K, reserved 1073152K
  class space    used 3244K, capacity 3519K, committed 3584K, reserved 1048576K
Event: 3.863 GC heap after
Heap after GC invocations=7 (full 1):
 PSYoungGen      total 81920K, used 6128K [0x00000000e0700000, 0x00000000e7300000, 0x0000000100000000)
  eden space 75776K, 0% used [0x00000000e0700000,0x00000000e0700000,0x00000000e5100000)
  from space 6144K, 99% used [0x00000000e6d00000,0x00000000e72fc288,0x00000000e7300000)
  to   space 7680K, 0% used [0x00000000e6400000,0x00000000e6400000,0x00000000e6b80000)
 ParOldGen       total 44032K, used 7701K [0x00000000a1400000, 0x00000000a3f00000, 0x00000000e0700000)
  object space 44032K, 17% used [0x00000000a1400000,0x00000000a1b85758,0x00000000a3f00000)
 Metaspace       used 25919K, capacity 27010K, committed 27136K, reserved 1073152K
  class space    used 3244K, capacity 3519K, committed 3584K, reserved 1048576K
}

Deoptimization events (10 events):
Event: 3.457 Thread 0x0000000002c9b800 Uncommon trap: reason=bimorphic action=maybe_recompile pc=0x00000000033392c0 method=java.util.regex.Pattern$Curly.match(Ljava/util/regex/Matcher;ILjava/lang/CharSequence;)Z @ 19
Event: 3.457 Thread 0x0000000002c9b800 Uncommon trap: reason=bimorphic action=maybe_recompile pc=0x00000000033392c0 method=java.util.regex.Pattern$Curly.match(Ljava/util/regex/Matcher;ILjava/lang/CharSequence;)Z @ 19
Event: 3.457 Thread 0x0000000002c9b800 Uncommon trap: reason=bimorphic action=maybe_recompile pc=0x00000000033392c0 method=java.util.regex.Pattern$Curly.match(Ljava/util/regex/Matcher;ILjava/lang/CharSequence;)Z @ 19
Event: 3.457 Thread 0x0000000002c9b800 Uncommon trap: reason=bimorphic action=maybe_recompile pc=0x00000000033392c0 method=java.util.regex.Pattern$Curly.match(Ljava/util/regex/Matcher;ILjava/lang/CharSequence;)Z @ 19
Event: 3.485 Thread 0x0000000002c9b800 Uncommon trap: reason=unstable_if action=reinterpret pc=0x00000000033e8918 method=sun.misc.URLClassPath$JarLoader.getResource(Ljava/lang/String;ZLjava/util/Set;)Lsun/misc/Resource; @ 17
Event: 3.888 Thread 0x0000000002c9b800 Uncommon trap: reason=range_check action=make_not_entrant pc=0x000000000341ca6c method=java.lang.String.charAt(I)C @ 27
Event: 3.894 Thread 0x0000000002c9b800 Uncommon trap: reason=unstable_if action=reinterpret pc=0x0000000002f2e31c method=java.lang.String.replace(CC)Ljava/lang/String; @ 2
Event: 4.491 Thread 0x0000000002c9b800 Uncommon trap: reason=unstable_if action=reinterpret pc=0x0000000003125f94 method=jdk.internal.org.objectweb.asm.Type.getArgumentsAndReturnSizes(Ljava/lang/String;)I @ 41
Event: 4.963 Thread 0x0000000002c9b800 Uncommon trap: reason=unstable_if action=reinterpret pc=0x00000000032c01a8 method=java.util.regex.Pattern$BmpCharProperty.match(Ljava/util/regex/Matcher;ILjava/lang/CharSequence;)Z @ 34
Event: 5.804 Thread 0x000000001d745000 Uncommon trap: reason=unstable_if action=reinterpret pc=0x000000000340c9c8 method=java.util.concurrent.ConcurrentHashMap.putVal(Ljava/lang/Object;Ljava/lang/Object;Z)Ljava/lang/Object; @ 181

Classes redefined (0 events):
No events

Internal exceptions (10 events):
Event: 3.403 Thread 0x0000000002c9b800 Exception <a 'java/lang/NoClassDefFoundError'> (0x00000000e21274d8) thrown at [C:\re\workspace\8-2-build-windows-amd64-cygwin\jdk8u202\12323\hotspot\src\share\vm\oops\instanceKlass.cpp, line 959]
Event: 3.405 Thread 0x0000000002c9b800 Exception <a 'java/lang/NoClassDefFoundError': org/apache/logging/log4j/spi/ExtendedLoggerWrapper> (0x00000000e2147230) thrown at [C:\re\workspace\8-2-build-windows-amd64-cygwin\jdk8u202\12323\hotspot\src\share\vm\classfile\systemDictionary.cpp, line 199]
Event: 3.405 Thread 0x0000000002c9b800 Exception <a 'java/lang/NoClassDefFoundError'> (0x00000000e2147230) thrown at [C:\re\workspace\8-2-build-windows-amd64-cygwin\jdk8u202\12323\hotspot\src\share\vm\prims\jvm.cpp, line 1506]
Event: 3.407 Thread 0x0000000002c9b800 Exception <a 'java/lang/NoClassDefFoundError': org/apache/log4j/Priority> (0x00000000e2162f38) thrown at [C:\re\workspace\8-2-build-windows-amd64-cygwin\jdk8u202\12323\hotspot\src\share\vm\classfile\systemDictionary.cpp, line 199]
Event: 3.810 Thread 0x0000000002c9b800 Exception <a 'java/lang/NoSuchMethodError': java.lang.Object.lambda$andFinally$1(Lorg/openqa/selenium/remote/http/HttpHandler;Lorg/openqa/selenium/remote/http/HttpRequest;)Lorg/openqa/selenium/remote/http/HttpResponse;> (0x00000000e3534020) thrown at [C:\
Event: 4.424 Thread 0x000000001e585000 Exception <a 'java/net/SocketTimeoutException': connect timed out> (0x00000000e0982be0) thrown at [C:\re\workspace\8-2-build-windows-amd64-cygwin\jdk8u202\12323\hotspot\src\share\vm\prims\jni.cpp, line 736]
Event: 4.619 Thread 0x0000000002c9b800 Exception <a 'java/lang/NoSuchMethodError': java.lang.Object.lambda$chars$0()Ljava/util/Spliterator$OfInt;> (0x00000000e0d506d8) thrown at [C:\re\workspace\8-2-build-windows-amd64-cygwin\jdk8u202\12323\hotspot\src\share\vm\interpreter\linkResolver.cpp, li
Event: 4.845 Thread 0x0000000002c9b800 Exception <a 'java/lang/NoSuchMethodError': java.lang.Object.lambda$negate$1(Ljava/lang/Object;)Z> (0x00000000e1122ad8) thrown at [C:\re\workspace\8-2-build-windows-amd64-cygwin\jdk8u202\12323\hotspot\src\share\vm\interpreter\linkResolver.cpp, line 620]
Event: 5.799 Thread 0x000000001d745000 Exception <a 'java/lang/OutOfMemoryError'> (0x00000000e21f9278) thrown at [C:\re\workspace\8-2-build-windows-amd64-cygwin\jdk8u202\12323\hotspot\src\share\vm\prims\unsafe.cpp, line 618]
Event: 5.799 Thread 0x000000001d745000 Exception <a 'java/lang/OutOfMemoryError'> (0x00000000e21f9278) thrown at [C:\re\workspace\8-2-build-windows-amd64-cygwin\jdk8u202\12323\hotspot\src\share\vm\prims\jni.cpp, line 710]

Events (10 events):
Event: 5.811 loading class io/netty/handler/codec/CodecOutputList$CodecOutputLists done
Event: 5.812 loading class org/asynchttpclient/netty/handler/StreamedResponsePublisher
Event: 5.812 loading class org/asynchttpclient/netty/handler/StreamedResponsePublisher done
Event: 5.813 loading class com/typesafe/netty/HandlerPublisher
Event: 5.813 loading class com/typesafe/netty/HandlerPublisher done
Event: 5.815 loading class org/asynchttpclient/netty/DiscardEvent
Event: 5.815 loading class org/asynchttpclient/netty/DiscardEvent done
Event: 5.815 Thread 0x000000001d740800 Thread exited: 0x000000001d740800
Event: 5.816 Thread 0x000000001d73f800 Thread exited: 0x000000001d73f800
Event: 5.819 Thread 0x000000001e578000 Thread exited: 0x000000001e578000


Dynamic libraries:
0x00007ff7b93a0000 - 0x00007ff7b93d7000 	C:\Program Files\Java\jdk1.8.0_202\bin\javaw.exe
0x00007ffc69910000 - 0x00007ffc69b24000 	C:\WINDOWS\SYSTEM32\ntdll.dll
0x00007ffc69270000 - 0x00007ffc69333000 	C:\WINDOWS\System32\KERNEL32.DLL
0x00007ffc67380000 - 0x00007ffc6771c000 	C:\WINDOWS\System32\KERNELBASE.dll
0x00007ffc64930000 - 0x00007ffc649c7000 	C:\WINDOWS\SYSTEM32\apphelp.dll
0x00007ffc2a770000 - 0x00007ffc2ac0e000 	C:\WINDOWS\SYSTEM32\AcLayers.DLL
0x00007ffc68ce0000 - 0x00007ffc68d87000 	C:\WINDOWS\System32\msvcrt.dll
0x00007ffc69340000 - 0x00007ffc6939e000 	C:\WINDOWS\System32\SHLWAPI.dll
0x00007ffc64cc0000 - 0x00007ffc64cd5000 	C:\WINDOWS\SYSTEM32\SortWindows6Compat.dll
0x00007ffc67dc0000 - 0x00007ffc67e6e000 	C:\WINDOWS\System32\ADVAPI32.dll
0x00007ffc693a0000 - 0x00007ffc69444000 	C:\WINDOWS\System32\sechost.dll
0x00007ffc68bc0000 - 0x00007ffc68cd5000 	C:\WINDOWS\System32\RPCRT4.dll
0x00007ffc67e70000 - 0x00007ffc6801d000 	C:\WINDOWS\System32\USER32.dll
0x00007ffc66ec0000 - 0x00007ffc66ee6000 	C:\WINDOWS\System32\win32u.dll
0x00007ffc69100000 - 0x00007ffc69129000 	C:\WINDOWS\System32\GDI32.dll
0x00007ffc671c0000 - 0x00007ffc672d3000 	C:\WINDOWS\System32\gdi32full.dll
0x00007ffc672e0000 - 0x00007ffc6737a000 	C:\WINDOWS\System32\msvcp_win.dll
0x00007ffc670a0000 - 0x00007ffc671b1000 	C:\WINDOWS\System32\ucrtbase.dll
0x00007ffc4e8a0000 - 0x00007ffc4eb2e000 	C:\WINDOWS\WinSxS\amd64_microsoft.windows.common-controls_6595b64144ccf1df_6.0.22621.608_none_a9444ca7c10bb01d\COMCTL32.dll
0x00007ffc69030000 - 0x00007ffc69061000 	C:\WINDOWS\System32\IMM32.DLL
0x000000006ca00000 - 0x000000006cad2000 	C:\Program Files\Java\jdk1.8.0_202\jre\bin\msvcr100.dll
0x000000006c150000 - 0x000000006c9f5000 	C:\Program Files\Java\jdk1.8.0_202\jre\bin\server\jvm.dll
0x00007ffc68bb0000 - 0x00007ffc68bb8000 	C:\WINDOWS\System32\PSAPI.DLL
0x00007ffc64e90000 - 0x00007ffc64e99000 	C:\WINDOWS\SYSTEM32\WSOCK32.dll
0x00007ffc64ee0000 - 0x00007ffc64eea000 	C:\WINDOWS\SYSTEM32\VERSION.dll
0x00007ffc61300000 - 0x00007ffc61334000 	C:\WINDOWS\SYSTEM32\WINMM.dll
0x00007ffc67b60000 - 0x00007ffc67bd1000 	C:\WINDOWS\System32\WS2_32.dll
0x00007ffc624f0000 - 0x00007ffc624ff000 	C:\Program Files\Java\jdk1.8.0_202\jre\bin\verify.dll
0x00007ffc55790000 - 0x00007ffc557b9000 	C:\Program Files\Java\jdk1.8.0_202\jre\bin\java.dll
0x00007ffc55730000 - 0x00007ffc55746000 	C:\Program Files\Java\jdk1.8.0_202\jre\bin\zip.dll
0x00007ffc68020000 - 0x00007ffc68810000 	C:\WINDOWS\System32\SHELL32.dll
0x00007ffc5f820000 - 0x00007ffc600ee000 	C:\WINDOWS\SYSTEM32\windows.storage.dll
0x00007ffc68820000 - 0x00007ffc68ba9000 	C:\WINDOWS\System32\combase.dll
0x00007ffc61350000 - 0x00007ffc6148e000 	C:\WINDOWS\SYSTEM32\wintypes.dll
0x00007ffc68d90000 - 0x00007ffc68e81000 	C:\WINDOWS\System32\SHCORE.dll
0x00007ffc66c80000 - 0x00007ffc66ca1000 	C:\WINDOWS\SYSTEM32\profapi.dll
0x00007ffc55700000 - 0x00007ffc5571a000 	C:\Program Files\Java\jdk1.8.0_202\jre\bin\net.dll
0x00007ffc43bf0000 - 0x00007ffc43de0000 	C:\WINDOWS\SYSTEM32\urlmon.dll
0x00007ffc4e030000 - 0x00007ffc4e2e1000 	C:\WINDOWS\SYSTEM32\iertutil.dll
0x00007ffc65840000 - 0x00007ffc6584c000 	C:\WINDOWS\SYSTEM32\netutils.dll
0x00007ffc45c50000 - 0x00007ffc45c78000 	C:\WINDOWS\SYSTEM32\srvcli.dll
0x00007ffc66210000 - 0x00007ffc66279000 	C:\WINDOWS\system32\mswsock.dll
0x00007ffc658f0000 - 0x00007ffc659e3000 	C:\WINDOWS\SYSTEM32\DNSAPI.dll
0x00007ffc658c0000 - 0x00007ffc658ed000 	C:\WINDOWS\SYSTEM32\IPHLPAPI.DLL
0x00007ffc68810000 - 0x00007ffc68819000 	C:\WINDOWS\System32\NSI.dll
0x00007ffc52370000 - 0x00007ffc5237a000 	C:\Windows\System32\rasadhlp.dll
0x00007ffc5b960000 - 0x00007ffc5b9e3000 	C:\WINDOWS\System32\fwpuclnt.dll
0x00007ffc66480000 - 0x00007ffc6649b000 	C:\WINDOWS\SYSTEM32\CRYPTSP.dll
0x00007ffc65d10000 - 0x00007ffc65d45000 	C:\WINDOWS\system32\rsaenh.dll
0x00007ffc66310000 - 0x00007ffc66338000 	C:\WINDOWS\SYSTEM32\USERENV.dll
0x00007ffc66610000 - 0x00007ffc66638000 	C:\WINDOWS\SYSTEM32\bcrypt.dll
0x00007ffc67020000 - 0x00007ffc6709b000 	C:\WINDOWS\System32\bcryptprimitives.dll
0x00007ffc66470000 - 0x00007ffc6647c000 	C:\WINDOWS\SYSTEM32\CRYPTBASE.dll
0x00007ffc5f150000 - 0x00007ffc5f169000 	C:\WINDOWS\SYSTEM32\dhcpcsvc6.DLL
0x00007ffc5f130000 - 0x00007ffc5f14f000 	C:\WINDOWS\SYSTEM32\dhcpcsvc.DLL
0x00007ffc556e0000 - 0x00007ffc556f2000 	C:\Program Files\Java\jdk1.8.0_202\jre\bin\nio.dll
0x00007ffc55660000 - 0x00007ffc55684000 	C:\Program Files\Java\jdk1.8.0_202\jre\bin\sunec.dll
0x00007ffc55650000 - 0x00007ffc5565b000 	C:\Program Files\Java\jdk1.8.0_202\jre\bin\sunmscapi.dll
0x00007ffc66d50000 - 0x00007ffc66eb6000 	C:\WINDOWS\System32\CRYPT32.dll
0x00007ffc55640000 - 0x00007ffc5564d000 	C:\Program Files\Java\jdk1.8.0_202\jre\bin\management.dll
0x00007ffc49760000 - 0x00007ffc49777000 	C:\WINDOWS\system32\napinsp.dll
0x00007ffc496b0000 - 0x00007ffc496cb000 	C:\WINDOWS\system32\pnrpnsp.dll
0x00007ffc495b0000 - 0x00007ffc495c1000 	C:\WINDOWS\System32\winrnr.dll
0x00007ffc49590000 - 0x00007ffc495a5000 	C:\WINDOWS\system32\wshbth.dll
0x00007ffc49560000 - 0x00007ffc49581000 	C:\WINDOWS\system32\nlansp_c.dll

VM Arguments:
jvm_args: -ea -Dfile.encoding=Cp1252 
java_command: org.testng.remote.RemoteTestNG -serport 53099 -protocol json -d E:\SDET Training WS\MiniCaseStudyCucumber\test-output C:\Users\MOHANA~1\AppData\Local\Temp\testng-eclipse--1914697362\testng-customsuite.xml
java_class_path (initial): C:\Users\mohanapriya\eclipse\java-2022-03\eclipse\configuration\org.eclipse.osgi\433\0\.cp\lib\testng-remote.jar;E:\SDET Training WS\MiniCaseStudyCucumber\target\test-classes;E:\SDET Training WS\MiniCaseStudyCucumber\target\classes;C:\Users\mohanapriya\.p2\pool\plugins\org.testng_7.4.0.r202105021533.jar;C:\Users\mohanapriya\.p2\pool\plugins\com.beust.jcommander_1.78.0.jar;C:\Users\mohanapriya\.p2\pool\plugins\org.apache-extras.beanshell.bsh_2.0.0.b6.jar;C:\Users\mohanapriya\.p2\pool\plugins\org.yaml.snakeyaml_1.21.0.jar;C:\Users\mohanapriya\.p2\pool\plugins\org.webjars.jquery_3.5.1.jar;C:\Users\mohanapriya\.m2\repository\org\seleniumhq\selenium\selenium-java\4.6.0\selenium-java-4.6.0.jar;C:\Users\mohanapriya\.m2\repository\org\seleniumhq\selenium\selenium-api\4.6.0\selenium-api-4.6.0.jar;C:\Users\mohanapriya\.m2\repository\org\seleniumhq\selenium\selenium-chrome-driver\4.6.0\selenium-chrome-driver-4.6.0.jar;C:\Users\mohanapriya\.m2\repository\com\google\auto\service\auto-service-annotations\1.0.1\auto-service-annotations-1.0.1.jar;C:\Users\mohanapriya\.m2\repository\com\google\auto\service\auto-service\1.0.1\auto-service-1.0.1.jar;C:\Users\mohanapriya\.m2\repository\com\google\auto\auto-common\1.2\auto-common-1.2.jar;C:\Users\mohanapriya\.m2\repository\com\google\guava\guava\31.1-jre\guava-31.1-jre.jar;C:\Users\mohanapriya\.m2\repository\com\google\guava\failureaccess\1.0.1\failureaccess-1.0.1.jar;C:\Users\mohanapriya\.m2\repository\com\google\guava\listenablefuture\9999.0-empty-to-avoid-conflict-with-guava\listenablefuture-9999.0-empty-to-avoid-conflict-with-guava.jar;C:\Users\mohanapriya\.m2\repository\com\google\code\findbugs\jsr305\3.0.2\jsr305-3.0.2.jar;C:\Users\mohanapriya\.m2\repository\org\checkerframework\checker-qual\3.12.0\checker-qual-3.12.0.jar;C:\Users\mohanapriya\.m2\repository\com\google\errorprone\error_prone_annotations\2.11.0\error_prone_annotations-2.11.0.jar;C:\Users\mohanapriya\.m2\repository\com\google\j2objc\j2obj
Launcher Type: SUN_STANDARD

Environment Variables:
JAVA_HOME=C:\Program Files\Java\jdk1.8.0_202
PATH=C:/Users/mohanapriya/.p2/pool/plugins/org.eclipse.justj.openjdk.hotspot.jre.full.win32.x86_64_17.0.2.v20220201-1208/jre/bin/server;C:/Users/mohanapriya/.p2/pool/plugins/org.eclipse.justj.openjdk.hotspot.jre.full.win32.x86_64_17.0.2.v20220201-1208/jre/bin;C:\Program Files (x86)\Common Files\Oracle\Java\javapath;C:\Program Files\Java\jdk1.8.0_202;C:\Program Files\apache-maven-3.9.0\bin;C:\WINDOWS\system32;C:\WINDOWS;C:\WINDOWS\System32\Wbem;C:\WINDOWS\System32\WindowsPowerShell\v1.0\;C:\WINDOWS\System32\OpenSSH\;C:\Program Files\Java\jdk1.8.0_202\bin;C:\Program Files\apache-maven-3.9.0\bin;C:\Program Files\Git\cmd;C:\Users\mohanapriya\AppData\Local\Programs\Python\Python37\Scripts\;C:\Users\mohanapriya\AppData\Local\Programs\Python\Python37\;C:\Program Files\MySQL\MySQL Shell 8.0\bin\;C:\Python\Python37\Scripts\;C:\Python\Python37\;C:\Users\mohanapriya\AppData\Local\Microsoft\WindowsApps;C:\Program Files\CodeBlocks\MinGW\bin;C:\Users\mohanapriya\AppData\Local\Programs\Microsoft VS Code\bin;C:\Users\mohanapriya\OneDrive\Desktop;
USERNAME=mohanapriya
OS=Windows_NT
PROCESSOR_IDENTIFIER=AMD64 Family 23 Model 24 Stepping 1, AuthenticAMD



---------------  S Y S T E M  ---------------

OS: Windows 10.0 , 64 bit Build 22621 (10.0.22621.1344)

CPU:total 8 (initial active 8) (8 cores per cpu, 1 threads per core) family 23 model 24 stepping 1, cmov, cx8, fxsr, mmx, sse, sse2, sse3, ssse3, sse4.1, sse4.2, popcnt, avx, avx2, aes, clmul, mmxext, 3dnowpref, lzcnt, sse4a, tsc, tscinvbit, tscinv, bmi1

Memory: 4k page, physical 6203148k(1752396k free), swap 8300300k(5140k free)

vm_info: Java HotSpot(TM) 64-Bit Server VM (25.202-b08) for windows-amd64 JRE (1.8.0_202-b08), built on Dec 15 2018 19:54:30 by "java_re" with MS VC++ 10.0 (VS2010)

time: Thu Mar 16 20:55:19 2023
timezone: India Standard Time
elapsed time: 6 seconds (0d 0h 0m 6s)

