#
# There is insufficient memory for the Java Runtime Environment to continue.
# Native memory allocation (malloc) failed to allocate 892576 bytes for Chunk::new
# Possible reasons:
#   The system is out of physical RAM or swap space
#   The process is running with CompressedOops enabled, and the Java Heap may be blocking the growth of the native heap
# Possible solutions:
#   Reduce memory load on the system
#   Increase physical memory or swap space
#   Check if swap backing store is full
#   Decrease Java heap size (-Xmx/-Xms)
#   Decrease number of Java threads
#   Decrease Java thread stack sizes (-Xss)
#   Set larger code cache with -XX:ReservedCodeCacheSize=
#   JVM is running with Unscaled Compressed Oops mode in which the Java heap is
#     placed in the first 4GB address space. The Java Heap base address is the
#     maximum limit for the native heap growth. Please use -XX:HeapBaseMinAddress
#     to set the Java Heap base and to place the Java Heap above 4GB virtual address.
# This output file may be truncated or incomplete.
#
#  Out of Memory Error (allocation.cpp:389), pid=10236, tid=0x0000000000001ca4
#
# JRE version: Java(TM) SE Runtime Environment (8.0_202-b08) (build 1.8.0_202-b08)
# Java VM: Java HotSpot(TM) 64-Bit Server VM (25.202-b08 mixed mode windows-amd64 compressed oops)
# Failed to write core dump. Minidumps are not enabled by default on client versions of Windows
#

---------------  T H R E A D  ---------------

Current thread (0x0000000017df5800):  JavaThread "C2 CompilerThread2" daemon [_thread_in_native, id=7332, stack(0x0000000019250000,0x0000000019350000)]

Stack: [0x0000000019250000,0x0000000019350000]
[error occurred during error reporting (printing stack bounds), id 0xc0000005]

Native frames: (J=compiled Java code, j=interpreted, Vv=VM code, C=native code)


Current CompileTask:
C2:   4439 1985       4       sun.misc.URLClassPath::getResource (83 bytes)


---------------  P R O C E S S  ---------------

Java Threads: ( => current thread )
  0x000000001d549000 JavaThread "Keep-Alive-Timer" daemon [_thread_blocked, id=4848, stack(0x000000001fb00000,0x000000001fc00000)]
  0x000000001d547800 JavaThread "Exec Stream Pumper" daemon [_thread_in_native, id=13168, stack(0x000000001fa00000,0x000000001fb00000)]
  0x000000001d549800 JavaThread "Exec Stream Pumper" daemon [_thread_in_native, id=5748, stack(0x000000001f900000,0x000000001fa00000)]
  0x000000001e491800 JavaThread "UrlChecker-2" daemon [_thread_blocked, id=16224, stack(0x000000001f700000,0x000000001f800000)]
  0x000000001e48d800 JavaThread "Driver Service Executor" daemon [_thread_blocked, id=16244, stack(0x000000001f600000,0x000000001f700000)]
  0x000000001e48c800 JavaThread "Driver Service Executor" daemon [_thread_blocked, id=13472, stack(0x000000001f500000,0x000000001f600000)]
  0x000000001e487800 JavaThread "Exec Default Executor" daemon [_thread_in_native, id=14152, stack(0x000000001f400000,0x000000001f500000)]
  0x000000001a24d000 JavaThread "AsyncHttpClient-1-1" daemon [_thread_blocked, id=13704, stack(0x000000001e130000,0x000000001e230000)]
  0x00000000196c0800 JavaThread "ForkJoinPool.commonPool-worker-1" daemon [_thread_blocked, id=16148, stack(0x000000001de30000,0x000000001df30000)]
  0x000000001a0df000 JavaThread "ReaderThread" [_thread_in_native, id=12364, stack(0x000000001b360000,0x000000001b460000)]
  0x0000000017e74000 JavaThread "Service Thread" daemon [_thread_blocked, id=12160, stack(0x0000000019450000,0x0000000019550000)]
  0x0000000017df6000 JavaThread "C1 CompilerThread3" daemon [_thread_in_vm, id=1968, stack(0x0000000019350000,0x0000000019450000)]
=>0x0000000017df5800 JavaThread "C2 CompilerThread2" daemon [_thread_in_native, id=7332, stack(0x0000000019250000,0x0000000019350000)]
  0x0000000017de1000 JavaThread "C2 CompilerThread1" daemon [_thread_blocked, id=8156, stack(0x0000000019150000,0x0000000019250000)]
  0x0000000017ddd000 JavaThread "C2 CompilerThread0" daemon [_thread_blocked, id=6096, stack(0x0000000019050000,0x0000000019150000)]
  0x0000000017ddc000 JavaThread "Attach Listener" daemon [_thread_blocked, id=15100, stack(0x0000000018f50000,0x0000000019050000)]
  0x0000000017ddb000 JavaThread "Signal Dispatcher" daemon [_thread_blocked, id=12796, stack(0x0000000018e50000,0x0000000018f50000)]
  0x0000000017d11000 JavaThread "Finalizer" daemon [_thread_blocked, id=2736, stack(0x0000000018c50000,0x0000000018d50000)]
  0x0000000017cfe000 JavaThread "Reference Handler" daemon [_thread_blocked, id=2604, stack(0x0000000018b50000,0x0000000018c50000)]
  0x0000000002b6b800 JavaThread "Forwarding newSession on session null to remote" [_thread_in_vm, id=12172, stack(0x0000000002a50000,0x0000000002b50000)]

Other Threads:
  0x0000000016978800 VMThread [stack: 0x0000000018a50000,0x0000000018b50000] [id=3944]
  0x0000000017ef5800 WatcherThread [stack: 0x0000000019550000,0x0000000019650000] [id=14696]

VM state:not at safepoint (normal execution)

VM Mutex/Monitor currently owned by a thread: None

heap address: 0x00000000a1400000, size: 1516 MB, Compressed Oops mode: 32-bit
Narrow klass base: 0x0000000000000000, Narrow klass shift: 3
Compressed class space size: 1073741824 Address: 0x0000000100000000

Heap:
 PSYoungGen      total 49664K, used 13791K [0x00000000e0700000, 0x00000000e5f80000, 0x0000000100000000)
  eden space 45568K, 21% used [0x00000000e0700000,0x00000000e1079ec0,0x00000000e3380000)
  from space 4096K, 99% used [0x00000000e3b00000,0x00000000e3efe090,0x00000000e3f00000)
  to   space 7680K, 0% used [0x00000000e3380000,0x00000000e3380000,0x00000000e3b00000)
 ParOldGen       total 44544K, used 9625K [0x00000000a1400000, 0x00000000a3f80000, 0x00000000e0700000)
  object space 44544K, 21% used [0x00000000a1400000,0x00000000a1d66640,0x00000000a3f80000)
 Metaspace       used 27508K, capacity 28968K, committed 29184K, reserved 1075200K
  class space    used 3496K, capacity 3824K, committed 3840K, reserved 1048576K

Card table byte_map: [0x0000000012020000,0x0000000012320000] byte_map_base: 0x0000000011b16000

Marking Bits: (ParMarkBitMap*) 0x000000006e665ce0
 Begin Bits: [0x0000000012d20000, 0x00000000144d0000)
 End Bits:   [0x00000000144d0000, 0x0000000015c80000)

Polling page: 0x0000000000b70000

CodeCache: size=245760Kb used=6945Kb max_used=6945Kb free=238814Kb
 bounds [0x0000000002c60000, 0x0000000003330000, 0x0000000011c60000]
 total_blobs=2512 nmethods=2040 adapters=385
 compilation: enabled

Compilation events (10 events):
Event: 4.427 Thread 0x0000000017df6000 2033       3       java.util.stream.Sink$ChainedReference::end (10 bytes)
Event: 4.427 Thread 0x0000000017df6000 nmethod 2033 0x0000000003326910 code [0x0000000003326a80, 0x0000000003326ca8]
Event: 4.428 Thread 0x0000000017df6000 2034       3       java.util.stream.ReferencePipeline$StatelessOp::<init> (29 bytes)
Event: 4.428 Thread 0x0000000017df6000 nmethod 2034 0x0000000003326d50 code [0x0000000003326ec0, 0x00000000033270c8]
Event: 4.428 Thread 0x0000000017df6000 2035       3       org.openqa.selenium.json.JsonInput::peek (288 bytes)
Event: 4.430 Thread 0x0000000017df6000 nmethod 2035 0x00000000033271d0 code [0x0000000003327580, 0x00000000033291b8]
Event: 4.434 Thread 0x0000000017df6000 2036       3       java.lang.invoke.LambdaFormEditor$Transform::<init> (17 bytes)
Event: 4.435 Thread 0x0000000017df6000 nmethod 2036 0x000000000332a350 code [0x000000000332a4c0, 0x000000000332a830]
Event: 4.436 Thread 0x0000000017df6000 2037       3       java.lang.Class::getDeclaredConstructors (18 bytes)
Event: 4.437 Thread 0x0000000017df6000 nmethod 2037 0x000000000332a9d0 code [0x000000000332ab60, 0x000000000332ad98]

GC Heap History (10 events):
Event: 1.997 GC heap before
{Heap before GC invocations=3 (full 0):
 PSYoungGen      total 28672K, used 28667K [0x00000000e0700000, 0x00000000e2700000, 0x0000000100000000)
  eden space 24576K, 100% used [0x00000000e0700000,0x00000000e1f00000,0x00000000e1f00000)
  from space 4096K, 99% used [0x00000000e2300000,0x00000000e26fef38,0x00000000e2700000)
  to   space 4096K, 0% used [0x00000000e1f00000,0x00000000e1f00000,0x00000000e2300000)
 ParOldGen       total 65536K, used 1932K [0x00000000a1400000, 0x00000000a5400000, 0x00000000e0700000)
  object space 65536K, 2% used [0x00000000a1400000,0x00000000a15e3398,0x00000000a5400000)
 Metaspace       used 15631K, capacity 16274K, committed 16512K, reserved 1062912K
  class space    used 1881K, capacity 2063K, committed 2176K, reserved 1048576K
Event: 2.001 GC heap after
Heap after GC invocations=3 (full 0):
 PSYoungGen      total 28672K, used 4091K [0x00000000e0700000, 0x00000000e3f00000, 0x0000000100000000)
  eden space 24576K, 0% used [0x00000000e0700000,0x00000000e0700000,0x00000000e1f00000)
  from space 4096K, 99% used [0x00000000e1f00000,0x00000000e22fec78,0x00000000e2300000)
  to   space 4096K, 0% used [0x00000000e3b00000,0x00000000e3b00000,0x00000000e3f00000)
 ParOldGen       total 65536K, used 2777K [0x00000000a1400000, 0x00000000a5400000, 0x00000000e0700000)
  object space 65536K, 4% used [0x00000000a1400000,0x00000000a16b6550,0x00000000a5400000)
 Metaspace       used 15631K, capacity 16274K, committed 16512K, reserved 1062912K
  class space    used 1881K, capacity 2063K, committed 2176K, reserved 1048576K
}
Event: 2.333 GC heap before
{Heap before GC invocations=4 (full 0):
 PSYoungGen      total 28672K, used 28667K [0x00000000e0700000, 0x00000000e3f00000, 0x0000000100000000)
  eden space 24576K, 100% used [0x00000000e0700000,0x00000000e1f00000,0x00000000e1f00000)
  from space 4096K, 99% used [0x00000000e1f00000,0x00000000e22fec78,0x00000000e2300000)
  to   space 4096K, 0% used [0x00000000e3b00000,0x00000000e3b00000,0x00000000e3f00000)
 ParOldGen       total 65536K, used 2777K [0x00000000a1400000, 0x00000000a5400000, 0x00000000e0700000)
  object space 65536K, 4% used [0x00000000a1400000,0x00000000a16b6550,0x00000000a5400000)
 Metaspace       used 17574K, capacity 18434K, committed 18560K, reserved 1064960K
  class space    used 2155K, capacity 2375K, committed 2432K, reserved 1048576K
Event: 2.339 GC heap after
Heap after GC invocations=4 (full 0):
 PSYoungGen      total 53248K, used 4087K [0x00000000e0700000, 0x00000000e3f00000, 0x0000000100000000)
  eden space 49152K, 0% used [0x00000000e0700000,0x00000000e0700000,0x00000000e3700000)
  from space 4096K, 99% used [0x00000000e3b00000,0x00000000e3efdf68,0x00000000e3f00000)
  to   space 4096K, 0% used [0x00000000e3700000,0x00000000e3700000,0x00000000e3b00000)
 ParOldGen       total 65536K, used 4100K [0x00000000a1400000, 0x00000000a5400000, 0x00000000e0700000)
  object space 65536K, 6% used [0x00000000a1400000,0x00000000a18012f0,0x00000000a5400000)
 Metaspace       used 17574K, capacity 18434K, committed 18560K, reserved 1064960K
  class space    used 2155K, capacity 2375K, committed 2432K, reserved 1048576K
}
Event: 2.935 GC heap before
{Heap before GC invocations=5 (full 0):
 PSYoungGen      total 53248K, used 21851K [0x00000000e0700000, 0x00000000e3f00000, 0x0000000100000000)
  eden space 49152K, 36% used [0x00000000e0700000,0x00000000e1859018,0x00000000e3700000)
  from space 4096K, 99% used [0x00000000e3b00000,0x00000000e3efdf68,0x00000000e3f00000)
  to   space 4096K, 0% used [0x00000000e3700000,0x00000000e3700000,0x00000000e3b00000)
 ParOldGen       total 65536K, used 4100K [0x00000000a1400000, 0x00000000a5400000, 0x00000000e0700000)
  object space 65536K, 6% used [0x00000000a1400000,0x00000000a18012f0,0x00000000a5400000)
 Metaspace       used 20244K, capacity 21136K, committed 21296K, reserved 1069056K
  class space    used 2470K, capacity 2686K, committed 2688K, reserved 1048576K
Event: 2.942 GC heap after
Heap after GC invocations=5 (full 0):
 PSYoungGen      total 53248K, used 4064K [0x00000000e0700000, 0x00000000e3f00000, 0x0000000100000000)
  eden space 49152K, 0% used [0x00000000e0700000,0x00000000e0700000,0x00000000e3700000)
  from space 4096K, 99% used [0x00000000e3700000,0x00000000e3af8020,0x00000000e3b00000)
  to   space 4096K, 0% used [0x00000000e3b00000,0x00000000e3b00000,0x00000000e3f00000)
 ParOldGen       total 65536K, used 6069K [0x00000000a1400000, 0x00000000a5400000, 0x00000000e0700000)
  object space 65536K, 9% used [0x00000000a1400000,0x00000000a19ed790,0x00000000a5400000)
 Metaspace       used 20244K, capacity 21136K, committed 21296K, reserved 1069056K
  class space    used 2470K, capacity 2686K, committed 2688K, reserved 1048576K
}
Event: 2.942 GC heap before
{Heap before GC invocations=6 (full 1):
 PSYoungGen      total 53248K, used 4064K [0x00000000e0700000, 0x00000000e3f00000, 0x0000000100000000)
  eden space 49152K, 0% used [0x00000000e0700000,0x00000000e0700000,0x00000000e3700000)
  from space 4096K, 99% used [0x00000000e3700000,0x00000000e3af8020,0x00000000e3b00000)
  to   space 4096K, 0% used [0x00000000e3b00000,0x00000000e3b00000,0x00000000e3f00000)
 ParOldGen       total 65536K, used 6069K [0x00000000a1400000, 0x00000000a5400000, 0x00000000e0700000)
  object space 65536K, 9% used [0x00000000a1400000,0x00000000a19ed790,0x00000000a5400000)
 Metaspace       used 20244K, capacity 21136K, committed 21296K, reserved 1069056K
  class space    used 2470K, capacity 2686K, committed 2688K, reserved 1048576K
Event: 2.973 GC heap after
Heap after GC invocations=6 (full 1):
 PSYoungGen      total 53248K, used 0K [0x00000000e0700000, 0x00000000e3f00000, 0x0000000100000000)
  eden space 49152K, 0% used [0x00000000e0700000,0x00000000e0700000,0x00000000e3700000)
  from space 4096K, 0% used [0x00000000e3700000,0x00000000e3700000,0x00000000e3b00000)
  to   space 4096K, 0% used [0x00000000e3b00000,0x00000000e3b00000,0x00000000e3f00000)
 ParOldGen       total 44544K, used 5978K [0x00000000a1400000, 0x00000000a3f80000, 0x00000000e0700000)
  object space 44544K, 13% used [0x00000000a1400000,0x00000000a19d68f8,0x00000000a3f80000)
 Metaspace       used 20244K, capacity 21136K, committed 21296K, reserved 1069056K
  class space    used 2470K, capacity 2686K, committed 2688K, reserved 1048576K
}
Event: 3.690 GC heap before
{Heap before GC invocations=7 (full 1):
 PSYoungGen      total 53248K, used 49152K [0x00000000e0700000, 0x00000000e3f00000, 0x0000000100000000)
  eden space 49152K, 100% used [0x00000000e0700000,0x00000000e3700000,0x00000000e3700000)
  from space 4096K, 0% used [0x00000000e3700000,0x00000000e3700000,0x00000000e3b00000)
  to   space 4096K, 0% used [0x00000000e3b00000,0x00000000e3b00000,0x00000000e3f00000)
 ParOldGen       total 44544K, used 5978K [0x00000000a1400000, 0x00000000a3f80000, 0x00000000e0700000)
  object space 44544K, 13% used [0x00000000a1400000,0x00000000a19d68f8,0x00000000a3f80000)
 Metaspace       used 25858K, capacity 26894K, committed 27136K, reserved 1073152K
  class space    used 3234K, capacity 3481K, committed 3584K, reserved 1048576K
Event: 3.697 GC heap after
Heap after GC invocations=7 (full 1):
 PSYoungGen      total 49664K, used 4088K [0x00000000e0700000, 0x00000000e5f80000, 0x0000000100000000)
  eden space 45568K, 0% used [0x00000000e0700000,0x00000000e0700000,0x00000000e3380000)
  from space 4096K, 99% used [0x00000000e3b00000,0x00000000e3efe090,0x00000000e3f00000)
  to   space 7680K, 0% used [0x00000000e3380000,0x00000000e3380000,0x00000000e3b00000)
 ParOldGen       total 44544K, used 9625K [0x00000000a1400000, 0x00000000a3f80000, 0x00000000e0700000)
  object space 44544K, 21% used [0x00000000a1400000,0x00000000a1d66640,0x00000000a3f80000)
 Metaspace       used 25858K, capacity 26894K, committed 27136K, reserved 1073152K
  class space    used 3234K, capacity 3481K, committed 3584K, reserved 1048576K
}

Deoptimization events (10 events):
Event: 3.295 Thread 0x0000000002b6b800 Uncommon trap: reason=unstable_if action=reinterpret pc=0x000000000327ac90 method=java.util.jar.Manifest$FastInputStream.readLine([BII)I @ 87
Event: 3.303 Thread 0x0000000002b6b800 Uncommon trap: reason=unstable_if action=reinterpret pc=0x000000000317c888 method=java.lang.Integer.parseInt(Ljava/lang/String;I)I @ 122
Event: 3.382 Thread 0x0000000002b6b800 Uncommon trap: reason=bimorphic action=maybe_recompile pc=0x00000000031fae40 method=java.util.regex.Pattern$Curly.match(Ljava/util/regex/Matcher;ILjava/lang/CharSequence;)Z @ 19
Event: 3.382 Thread 0x0000000002b6b800 Uncommon trap: reason=bimorphic action=maybe_recompile pc=0x00000000031fae40 method=java.util.regex.Pattern$Curly.match(Ljava/util/regex/Matcher;ILjava/lang/CharSequence;)Z @ 19
Event: 3.382 Thread 0x0000000002b6b800 Uncommon trap: reason=bimorphic action=maybe_recompile pc=0x00000000031fae40 method=java.util.regex.Pattern$Curly.match(Ljava/util/regex/Matcher;ILjava/lang/CharSequence;)Z @ 19
Event: 3.382 Thread 0x0000000002b6b800 Uncommon trap: reason=bimorphic action=maybe_recompile pc=0x00000000031fae40 method=java.util.regex.Pattern$Curly.match(Ljava/util/regex/Matcher;ILjava/lang/CharSequence;)Z @ 19
Event: 3.406 Thread 0x0000000002b6b800 Uncommon trap: reason=unstable_if action=reinterpret pc=0x000000000329f6c8 method=sun.misc.URLClassPath$JarLoader.getResource(Ljava/lang/String;ZLjava/util/Set;)Lsun/misc/Resource; @ 17
Event: 3.725 Thread 0x0000000002b6b800 Uncommon trap: reason=range_check action=make_not_entrant pc=0x00000000032d7bac method=java.lang.String.charAt(I)C @ 27
Event: 3.731 Thread 0x0000000002b6b800 Uncommon trap: reason=unstable_if action=reinterpret pc=0x0000000002e086dc method=java.lang.String.replace(CC)Ljava/lang/String; @ 2
Event: 4.302 Thread 0x0000000002b6b800 Uncommon trap: reason=unstable_if action=reinterpret pc=0x0000000002ff2d54 method=jdk.internal.org.objectweb.asm.Type.getArgumentsAndReturnSizes(Ljava/lang/String;)I @ 41

Classes redefined (0 events):
No events

Internal exceptions (10 events):
Event: 3.260 Thread 0x0000000002b6b800 Exception <a 'java/lang/NoSuchMethodError': java.lang.Object.lambda$create$0(Lorg/openqa/selenium/remote/http/HttpClient$Factory;)Z> (0x00000000e1b7fed8) thrown at [C:\re\workspace\8-2-build-windows-amd64-cygwin\jdk8u202\12323\hotspot\src\share\vm\interpr
Event: 3.260 Thread 0x0000000002b6b800 Exception <a 'java/lang/NoSuchMethodError': java.lang.Object.lambda$create$1(Ljava/lang/String;Lorg/openqa/selenium/remote/http/HttpClient$Factory;)Z> (0x00000000e1b83140) thrown at [C:\re\workspace\8-2-build-windows-amd64-cygwin\jdk8u202\12323\hotspot\sr
Event: 3.330 Thread 0x0000000002b6b800 Exception <a 'java/lang/NoClassDefFoundError'> (0x00000000e20eca30) thrown at [C:\re\workspace\8-2-build-windows-amd64-cygwin\jdk8u202\12323\hotspot\src\share\vm\oops\instanceKlass.cpp, line 959]
Event: 3.331 Thread 0x0000000002b6b800 Exception <a 'java/lang/NoClassDefFoundError': org/apache/logging/log4j/spi/ExtendedLoggerWrapper> (0x00000000e210c728) thrown at [C:\re\workspace\8-2-build-windows-amd64-cygwin\jdk8u202\12323\hotspot\src\share\vm\classfile\systemDictionary.cpp, line 199]
Event: 3.331 Thread 0x0000000002b6b800 Exception <a 'java/lang/NoClassDefFoundError'> (0x00000000e210c728) thrown at [C:\re\workspace\8-2-build-windows-amd64-cygwin\jdk8u202\12323\hotspot\src\share\vm\prims\jvm.cpp, line 1506]
Event: 3.332 Thread 0x0000000002b6b800 Exception <a 'java/lang/NoClassDefFoundError': org/apache/log4j/Priority> (0x00000000e2128430) thrown at [C:\re\workspace\8-2-build-windows-amd64-cygwin\jdk8u202\12323\hotspot\src\share\vm\classfile\systemDictionary.cpp, line 199]
Event: 3.659 Thread 0x0000000002b6b800 Exception <a 'java/lang/NoSuchMethodError': java.lang.Object.lambda$andFinally$1(Lorg/openqa/selenium/remote/http/HttpHandler;Lorg/openqa/selenium/remote/http/HttpRequest;)Lorg/openqa/selenium/remote/http/HttpResponse;> (0x00000000e35720b0) thrown at [C:\
Event: 4.264 Thread 0x000000001e491800 Exception <a 'java/net/SocketTimeoutException': connect timed out> (0x00000000e0967088) thrown at [C:\re\workspace\8-2-build-windows-amd64-cygwin\jdk8u202\12323\hotspot\src\share\vm\prims\jni.cpp, line 736]
Event: 4.347 Thread 0x0000000002b6b800 Exception <a 'java/lang/NoSuchMethodError': java.lang.Object.lambda$chars$0()Ljava/util/Spliterator$OfInt;> (0x00000000e0c7eff8) thrown at [C:\re\workspace\8-2-build-windows-amd64-cygwin\jdk8u202\12323\hotspot\src\share\vm\interpreter\linkResolver.cpp, li
Event: 4.422 Thread 0x0000000002b6b800 Exception <a 'java/lang/NoSuchMethodError': java.lang.Object.lambda$negate$1(Ljava/lang/Object;)Z> (0x00000000e0f93b80) thrown at [C:\re\workspace\8-2-build-windows-amd64-cygwin\jdk8u202\12323\hotspot\src\share\vm\interpreter\linkResolver.cpp, line 620]

Events (10 events):
Event: 4.431 loading class org/openqa/selenium/remote/session/FirefoxFilter
Event: 4.431 loading class org/openqa/selenium/remote/session/FirefoxFilter done
Event: 4.432 loading class org/openqa/selenium/remote/session/InternetExplorerFilter
Event: 4.432 loading class org/openqa/selenium/remote/session/InternetExplorerFilter done
Event: 4.433 loading class org/openqa/selenium/remote/session/SafariFilter
Event: 4.433 loading class org/openqa/selenium/remote/session/SafariFilter done
Event: 4.433 loading class org/openqa/selenium/remote/session/CapabilitiesFilter
Event: 4.433 loading class org/openqa/selenium/remote/session/CapabilitiesFilter done
Event: 4.435 loading class java/util/TreeMap$EntrySpliterator
Event: 4.435 loading class java/util/TreeMap$EntrySpliterator done


Dynamic libraries:
0x00007ff6d6e30000 - 0x00007ff6d6e67000 	C:\Program Files\Java\jdk1.8.0_202\bin\javaw.exe
0x00007ffa909d0000 - 0x00007ffa90be4000 	C:\WINDOWS\SYSTEM32\ntdll.dll
0x00007ffa8f4a0000 - 0x00007ffa8f563000 	C:\WINDOWS\System32\KERNEL32.DLL
0x00007ffa8e320000 - 0x00007ffa8e6bc000 	C:\WINDOWS\System32\KERNELBASE.dll
0x00007ffa8bd70000 - 0x00007ffa8be07000 	C:\WINDOWS\SYSTEM32\apphelp.dll
0x00007ffa66700000 - 0x00007ffa66b9e000 	C:\WINDOWS\SYSTEM32\AcLayers.DLL
0x00007ffa90020000 - 0x00007ffa900c7000 	C:\WINDOWS\System32\msvcrt.dll
0x00007ffa8ed50000 - 0x00007ffa8edae000 	C:\WINDOWS\System32\SHLWAPI.dll
0x00007ffa8a1e0000 - 0x00007ffa8a1f5000 	C:\WINDOWS\SYSTEM32\SortWindows6Compat.dll
0x00007ffa8f7f0000 - 0x00007ffa8f89e000 	C:\WINDOWS\System32\ADVAPI32.dll
0x00007ffa8f570000 - 0x00007ffa8f614000 	C:\WINDOWS\System32\sechost.dll
0x00007ffa8f620000 - 0x00007ffa8f735000 	C:\WINDOWS\System32\RPCRT4.dll
0x00007ffa8f9a0000 - 0x00007ffa8fb4d000 	C:\WINDOWS\System32\USER32.dll
0x00007ffa8de10000 - 0x00007ffa8de36000 	C:\WINDOWS\System32\win32u.dll
0x00007ffa8fdd0000 - 0x00007ffa8fdf9000 	C:\WINDOWS\System32\GDI32.dll
0x00007ffa8e0e0000 - 0x00007ffa8e1f3000 	C:\WINDOWS\System32\gdi32full.dll
0x00007ffa8e740000 - 0x00007ffa8e7da000 	C:\WINDOWS\System32\msvcp_win.dll
0x00007ffa8e200000 - 0x00007ffa8e311000 	C:\WINDOWS\System32\ucrtbase.dll
0x00007ffa753b0000 - 0x00007ffa7563e000 	C:\WINDOWS\WinSxS\amd64_microsoft.windows.common-controls_6595b64144ccf1df_6.0.22621.608_none_a9444ca7c10bb01d\COMCTL32.dll
0x00007ffa8e890000 - 0x00007ffa8e8c1000 	C:\WINDOWS\System32\IMM32.DLL
0x000000006e6f0000 - 0x000000006e7c2000 	C:\Program Files\Java\jdk1.8.0_202\jre\bin\msvcr100.dll
0x000000006de40000 - 0x000000006e6e5000 	C:\Program Files\Java\jdk1.8.0_202\jre\bin\server\jvm.dll
0x00007ffa8f320000 - 0x00007ffa8f328000 	C:\WINDOWS\System32\PSAPI.DLL
0x00007ffa8a1d0000 - 0x00007ffa8a1d9000 	C:\WINDOWS\SYSTEM32\WSOCK32.dll
0x00007ffa863e0000 - 0x00007ffa863ea000 	C:\WINDOWS\SYSTEM32\VERSION.dll
0x00007ffa879e0000 - 0x00007ffa87a14000 	C:\WINDOWS\SYSTEM32\WINMM.dll
0x00007ffa90910000 - 0x00007ffa90981000 	C:\WINDOWS\System32\WS2_32.dll
0x00007ffa68c10000 - 0x00007ffa68c1f000 	C:\Program Files\Java\jdk1.8.0_202\jre\bin\verify.dll
0x00007ffa68310000 - 0x00007ffa68339000 	C:\Program Files\Java\jdk1.8.0_202\jre\bin\java.dll
0x00007ffa68990000 - 0x00007ffa689a6000 	C:\Program Files\Java\jdk1.8.0_202\jre\bin\zip.dll
0x00007ffa900d0000 - 0x00007ffa908c0000 	C:\WINDOWS\System32\SHELL32.dll
0x00007ffa87110000 - 0x00007ffa879de000 	C:\WINDOWS\SYSTEM32\windows.storage.dll
0x00007ffa8edb0000 - 0x00007ffa8f139000 	C:\WINDOWS\System32\combase.dll
0x00007ffa87f80000 - 0x00007ffa880be000 	C:\WINDOWS\SYSTEM32\wintypes.dll
0x00007ffa8f3a0000 - 0x00007ffa8f491000 	C:\WINDOWS\System32\SHCORE.dll
0x00007ffa8dd40000 - 0x00007ffa8dd61000 	C:\WINDOWS\SYSTEM32\profapi.dll
0x00007ffa66000000 - 0x00007ffa6601a000 	C:\Program Files\Java\jdk1.8.0_202\jre\bin\net.dll
0x00007ffa6c080000 - 0x00007ffa6c270000 	C:\WINDOWS\SYSTEM32\urlmon.dll
0x00007ffa72210000 - 0x00007ffa724c1000 	C:\WINDOWS\SYSTEM32\iertutil.dll
0x00007ffa8c900000 - 0x00007ffa8c90c000 	C:\WINDOWS\SYSTEM32\netutils.dll
0x00007ffa6fd10000 - 0x00007ffa6fd38000 	C:\WINDOWS\SYSTEM32\srvcli.dll
0x00007ffa8d2d0000 - 0x00007ffa8d339000 	C:\WINDOWS\system32\mswsock.dll
0x00007ffa8c9b0000 - 0x00007ffa8caa3000 	C:\WINDOWS\SYSTEM32\DNSAPI.dll
0x00007ffa8c940000 - 0x00007ffa8c96d000 	C:\WINDOWS\SYSTEM32\IPHLPAPI.DLL
0x00007ffa8f310000 - 0x00007ffa8f319000 	C:\WINDOWS\System32\NSI.dll
0x00007ffa78da0000 - 0x00007ffa78daa000 	C:\Windows\System32\rasadhlp.dll
0x00007ffa85110000 - 0x00007ffa85193000 	C:\WINDOWS\System32\fwpuclnt.dll
0x00007ffa8d530000 - 0x00007ffa8d54b000 	C:\WINDOWS\SYSTEM32\CRYPTSP.dll
0x00007ffa8cdd0000 - 0x00007ffa8ce05000 	C:\WINDOWS\system32\rsaenh.dll
0x00007ffa8d3d0000 - 0x00007ffa8d3f8000 	C:\WINDOWS\SYSTEM32\USERENV.dll
0x00007ffa8d6d0000 - 0x00007ffa8d6f8000 	C:\WINDOWS\SYSTEM32\bcrypt.dll
0x00007ffa8e6c0000 - 0x00007ffa8e73b000 	C:\WINDOWS\System32\bcryptprimitives.dll
0x00007ffa8d550000 - 0x00007ffa8d55c000 	C:\WINDOWS\SYSTEM32\CRYPTBASE.dll
0x00007ffa87e90000 - 0x00007ffa87ea9000 	C:\WINDOWS\SYSTEM32\dhcpcsvc6.DLL
0x00007ffa86ef0000 - 0x00007ffa86f0f000 	C:\WINDOWS\SYSTEM32\dhcpcsvc.DLL
0x00007ffa65a80000 - 0x00007ffa65a92000 	C:\Program Files\Java\jdk1.8.0_202\jre\bin\nio.dll
0x00007ffa654b0000 - 0x00007ffa654d4000 	C:\Program Files\Java\jdk1.8.0_202\jre\bin\sunec.dll
0x00007ffa68bb0000 - 0x00007ffa68bbb000 	C:\Program Files\Java\jdk1.8.0_202\jre\bin\sunmscapi.dll
0x00007ffa8df70000 - 0x00007ffa8e0d6000 	C:\WINDOWS\System32\CRYPT32.dll

VM Arguments:
jvm_args: -ea -Dfile.encoding=Cp1252 
java_command: org.testng.remote.RemoteTestNG -serport 52166 -protocol json -d E:\SDET Training WS\MiniCaseStudyCucumber\test-output C:\Users\MOHANA~1\AppData\Local\Temp\testng-eclipse-278174175\testng-customsuite.xml
java_class_path (initial): C:\Users\mohanapriya\eclipse\java-2022-03\eclipse\configuration\org.eclipse.osgi\433\0\.cp\lib\testng-remote.jar;E:\SDET Training WS\MiniCaseStudyCucumber\target\test-classes;E:\SDET Training WS\MiniCaseStudyCucumber\target\classes;C:\Users\mohanapriya\.p2\pool\plugins\org.testng_7.4.0.r202105021533.jar;C:\Users\mohanapriya\.p2\pool\plugins\com.beust.jcommander_1.78.0.jar;C:\Users\mohanapriya\.p2\pool\plugins\org.apache-extras.beanshell.bsh_2.0.0.b6.jar;C:\Users\mohanapriya\.p2\pool\plugins\org.yaml.snakeyaml_1.21.0.jar;C:\Users\mohanapriya\.p2\pool\plugins\org.webjars.jquery_3.5.1.jar;C:\Users\mohanapriya\.m2\repository\org\seleniumhq\selenium\selenium-java\4.6.0\selenium-java-4.6.0.jar;C:\Users\mohanapriya\.m2\repository\org\seleniumhq\selenium\selenium-api\4.6.0\selenium-api-4.6.0.jar;C:\Users\mohanapriya\.m2\repository\org\seleniumhq\selenium\selenium-chrome-driver\4.6.0\selenium-chrome-driver-4.6.0.jar;C:\Users\mohanapriya\.m2\repository\com\google\auto\service\auto-service-annotations\1.0.1\auto-service-annotations-1.0.1.jar;C:\Users\mohanapriya\.m2\repository\com\google\auto\service\auto-service\1.0.1\auto-service-1.0.1.jar;C:\Users\mohanapriya\.m2\repository\com\google\auto\auto-common\1.2\auto-common-1.2.jar;C:\Users\mohanapriya\.m2\repository\com\google\guava\guava\31.1-jre\guava-31.1-jre.jar;C:\Users\mohanapriya\.m2\repository\com\google\guava\failureaccess\1.0.1\failureaccess-1.0.1.jar;C:\Users\mohanapriya\.m2\repository\com\google\guava\listenablefuture\9999.0-empty-to-avoid-conflict-with-guava\listenablefuture-9999.0-empty-to-avoid-conflict-with-guava.jar;C:\Users\mohanapriya\.m2\repository\com\google\code\findbugs\jsr305\3.0.2\jsr305-3.0.2.jar;C:\Users\mohanapriya\.m2\repository\org\checkerframework\checker-qual\3.12.0\checker-qual-3.12.0.jar;C:\Users\mohanapriya\.m2\repository\com\google\errorprone\error_prone_annotations\2.11.0\error_prone_annotations-2.11.0.jar;C:\Users\mohanapriya\.m2\repository\com\google\j2objc\j2obj
Launcher Type: SUN_STANDARD

Environment Variables:
JAVA_HOME=C:\Program Files\Java\jdk1.8.0_202
PATH=C:/Users/mohanapriya/.p2/pool/plugins/org.eclipse.justj.openjdk.hotspot.jre.full.win32.x86_64_17.0.2.v20220201-1208/jre/bin/server;C:/Users/mohanapriya/.p2/pool/plugins/org.eclipse.justj.openjdk.hotspot.jre.full.win32.x86_64_17.0.2.v20220201-1208/jre/bin;C:\Program Files (x86)\Common Files\Oracle\Java\javapath;C:\Program Files\Java\jdk1.8.0_202;C:\Program Files\apache-maven-3.9.0\bin;C:\WINDOWS\system32;C:\WINDOWS;C:\WINDOWS\System32\Wbem;C:\WINDOWS\System32\WindowsPowerShell\v1.0\;C:\WINDOWS\System32\OpenSSH\;C:\Program Files\Java\jdk1.8.0_202\bin;C:\Program Files\apache-maven-3.9.0\bin;C:\Program Files\Git\cmd;C:\Users\mohanapriya\AppData\Local\Programs\Python\Python37\Scripts\;C:\Users\mohanapriya\AppData\Local\Programs\Python\Python37\;C:\Program Files\MySQL\MySQL Shell 8.0\bin\;C:\Python\Python37\Scripts\;C:\Python\Python37\;C:\Users\mohanapriya\AppData\Local\Microsoft\WindowsApps;C:\Program Files\CodeBlocks\MinGW\bin;C:\Users\mohanapriya\AppData\Local\Programs\Microsoft VS Code\bin;C:\Users\mohanapriya\OneDrive\Desktop;
USERNAME=mohanapriya
OS=Windows_NT
PROCESSOR_IDENTIFIER=AMD64 Family 23 Model 24 Stepping 1, AuthenticAMD



---------------  S Y S T E M  ---------------

OS: Windows 10.0 , 64 bit Build 22621 (10.0.22621.1344)

CPU:total 8 (initial active 8) (8 cores per cpu, 1 threads per core) family 23 model 24 stepping 1, cmov, cx8, fxsr, mmx, sse, sse2, sse3, ssse3, sse4.1, sse4.2, popcnt, avx, avx2, aes, clmul, mmxext, 3dnowpref, lzcnt, sse4a, tsc, tscinvbit, tscinv, bmi1

Memory: 4k page, physical 6203148k(1544924k free), swap 8300300k(5772k free)

vm_info: Java HotSpot(TM) 64-Bit Server VM (25.202-b08) for windows-amd64 JRE (1.8.0_202-b08), built on Dec 15 2018 19:54:30 by "java_re" with MS VC++ 10.0 (VS2010)

time: Thu Mar 16 17:09:32 2023
timezone: India Standard Time
elapsed time: 4 seconds (0d 0h 0m 4s)

