#
# There is insufficient memory for the Java Runtime Environment to continue.
# Native memory allocation (malloc) failed to allocate 1043968 bytes for Chunk::new
# Possible reasons:
#   The system is out of physical RAM or swap space
#   The process is running with CompressedOops enabled, and the Java Heap may be blocking the growth of the native heap
# Possible solutions:
#   Reduce memory load on the system
#   Increase physical memory or swap space
#   Check if swap backing store is full
#   Decrease Java heap size (-Xmx/-Xms)
#   Decrease number of Java threads
#   Decrease Java thread stack sizes (-Xss)
#   Set larger code cache with -XX:ReservedCodeCacheSize=
#   JVM is running with Unscaled Compressed Oops mode in which the Java heap is
#     placed in the first 4GB address space. The Java Heap base address is the
#     maximum limit for the native heap growth. Please use -XX:HeapBaseMinAddress
#     to set the Java Heap base and to place the Java Heap above 4GB virtual address.
# This output file may be truncated or incomplete.
#
#  Out of Memory Error (allocation.cpp:389), pid=14984, tid=0x0000000000000da4
#
# JRE version: Java(TM) SE Runtime Environment (8.0_202-b08) (build 1.8.0_202-b08)
# Java VM: Java HotSpot(TM) 64-Bit Server VM (25.202-b08 mixed mode windows-amd64 compressed oops)
# Failed to write core dump. Minidumps are not enabled by default on client versions of Windows
#

---------------  T H R E A D  ---------------

Current thread (0x0000000017e4c800):  JavaThread "C2 CompilerThread0" daemon [_thread_in_native, id=3492, stack(0x00000000190c0000,0x00000000191c0000)]

Stack: [0x00000000190c0000,0x00000000191c0000]
[error occurred during error reporting (printing stack bounds), id 0xc0000005]

Native frames: (J=compiled Java code, j=interpreted, Vv=VM code, C=native code)


Current CompileTask:
C2:   6001 2110       4       java.net.URLClassLoader$1::run (5 bytes)


---------------  P R O C E S S  ---------------

Java Threads: ( => current thread )
  0x000000001d251800 JavaThread "AsyncHttpClient-1-2" daemon [_thread_in_native, id=3400, stack(0x000000001fe70000,0x000000001ff70000)]
  0x000000001d250000 JavaThread "Keep-Alive-Timer" daemon [_thread_blocked, id=16112, stack(0x000000001eba0000,0x000000001eca0000)]
  0x000000001d24f000 JavaThread "Exec Stream Pumper" daemon [_thread_in_native, id=14752, stack(0x000000001eaa0000,0x000000001eba0000)]
  0x000000001d24e800 JavaThread "Exec Stream Pumper" daemon [_thread_in_native, id=7540, stack(0x000000001e9a0000,0x000000001eaa0000)]
  0x000000001d23d800 JavaThread "UrlChecker-2" daemon [_thread_blocked, id=13156, stack(0x000000001e7a0000,0x000000001e8a0000)]
  0x000000001d239000 JavaThread "Driver Service Executor" daemon [_thread_blocked, id=10668, stack(0x000000001e6a0000,0x000000001e7a0000)]
  0x000000001d238800 JavaThread "Driver Service Executor" daemon [_thread_blocked, id=12260, stack(0x000000001e5a0000,0x000000001e6a0000)]
  0x000000001d233800 JavaThread "Exec Default Executor" daemon [_thread_in_native, id=10020, stack(0x000000001e4a0000,0x000000001e5a0000)]
  0x000000001acfa000 JavaThread "AsyncHttpClient-1-1" daemon [_thread_blocked, id=15232, stack(0x000000001e1a0000,0x000000001e2a0000)]
  0x00000000199b6800 JavaThread "ForkJoinPool.commonPool-worker-1" daemon [_thread_blocked, id=12564, stack(0x000000001dea0000,0x000000001dfa0000)]
  0x000000001a17b000 JavaThread "ReaderThread" [_thread_in_native, id=10104, stack(0x000000001b3d0000,0x000000001b4d0000)]
  0x0000000017ed4800 JavaThread "Service Thread" daemon [_thread_blocked, id=14756, stack(0x00000000194c0000,0x00000000195c0000)]
  0x0000000017e5b800 JavaThread "C1 CompilerThread3" daemon [_thread_blocked, id=15596, stack(0x00000000193c0000,0x00000000194c0000)]
  0x0000000017e55800 JavaThread "C2 CompilerThread2" daemon [_thread_blocked, id=8940, stack(0x00000000192c0000,0x00000000193c0000)]
  0x0000000017e50800 JavaThread "C2 CompilerThread1" daemon [_thread_blocked, id=15156, stack(0x00000000191c0000,0x00000000192c0000)]
=>0x0000000017e4c800 JavaThread "C2 CompilerThread0" daemon [_thread_in_native, id=3492, stack(0x00000000190c0000,0x00000000191c0000)]
  0x0000000017e47800 JavaThread "Attach Listener" daemon [_thread_blocked, id=5608, stack(0x0000000018fc0000,0x00000000190c0000)]
  0x0000000017e46800 JavaThread "Signal Dispatcher" daemon [_thread_blocked, id=4740, stack(0x0000000018ec0000,0x0000000018fc0000)]
  0x0000000017d7d000 JavaThread "Finalizer" daemon [_thread_blocked, id=1452, stack(0x0000000018cc0000,0x0000000018dc0000)]
  0x0000000017d6e000 JavaThread "Reference Handler" daemon [_thread_blocked, id=2804, stack(0x0000000018bc0000,0x0000000018cc0000)]
  0x0000000002beb800 JavaThread "Forwarding newSession on session null to remote" [_thread_blocked, id=16068, stack(0x0000000002ae0000,0x0000000002be0000)]

Other Threads:
  0x00000000169f8800 VMThread [stack: 0x0000000018ac0000,0x0000000018bc0000] [id=11124]
  0x0000000017f70000 WatcherThread [stack: 0x00000000195c0000,0x00000000196c0000] [id=16080]

VM state:not at safepoint (normal execution)

VM Mutex/Monitor currently owned by a thread: None

heap address: 0x00000000a1400000, size: 1516 MB, Compressed Oops mode: 32-bit
Narrow klass base: 0x0000000000000000, Narrow klass shift: 3
Compressed class space size: 1073741824 Address: 0x0000000100000000

Heap:
 PSYoungGen      total 81408K, used 37686K [0x00000000e0700000, 0x00000000e7300000, 0x0000000100000000)
  eden space 75264K, 41% used [0x00000000e0700000,0x00000000e25d2240,0x00000000e5080000)
  from space 6144K, 99% used [0x00000000e6d00000,0x00000000e72fb8e8,0x00000000e7300000)
  to   space 7680K, 0% used [0x00000000e6400000,0x00000000e6400000,0x00000000e6b80000)
 ParOldGen       total 44544K, used 7754K [0x00000000a1400000, 0x00000000a3f80000, 0x00000000e0700000)
  object space 44544K, 17% used [0x00000000a1400000,0x00000000a1b928d8,0x00000000a3f80000)
 Metaspace       used 29740K, capacity 31190K, committed 31360K, reserved 1077248K
  class space    used 3809K, capacity 4155K, committed 4224K, reserved 1048576K

Card table byte_map: [0x00000000120a0000,0x00000000123a0000] byte_map_base: 0x0000000011b96000

Marking Bits: (ParMarkBitMap*) 0x00000000648f5ce0
 Begin Bits: [0x0000000012da0000, 0x0000000014550000)
 End Bits:   [0x0000000014550000, 0x0000000015d00000)

Polling page: 0x0000000000be0000

CodeCache: size=245760Kb used=7171Kb max_used=7179Kb free=238588Kb
 bounds [0x0000000002ce0000, 0x00000000033f0000, 0x0000000011ce0000]
 total_blobs=2594 nmethods=2109 adapters=398
 compilation: enabled

Compilation events (10 events):
Event: 5.308 Thread 0x0000000017e4c800 nmethod 2105 0x00000000033e3390 code [0x00000000033e3560, 0x00000000033e4490]
Event: 5.330 Thread 0x0000000017e5b800 2106       3       sun.reflect.generics.scope.ClassScope::make (9 bytes)
Event: 5.331 Thread 0x0000000017e5b800 nmethod 2106 0x00000000033da4d0 code [0x00000000033da640, 0x00000000033da8f0]
Event: 5.331 Thread 0x0000000017e5b800 2107       3       sun.reflect.generics.scope.ClassScope::<init> (6 bytes)
Event: 5.331 Thread 0x0000000017e5b800 nmethod 2107 0x00000000033dd510 code [0x00000000033dd680, 0x00000000033dd8b0]
Event: 5.332 Thread 0x0000000017e50800 2108       4       java.io.WinNTFileSystem::resolve (231 bytes)
Event: 5.340 Thread 0x0000000017e50800 nmethod 2108 0x00000000033dc710 code [0x00000000033dc880, 0x00000000033dcef8]
Event: 5.347 Thread 0x0000000017e55800 2109  s!   4       java.net.URLStreamHandler::getHostAddress (54 bytes)
Event: 5.349 Thread 0x0000000017e55800 nmethod 2109 0x00000000033e5410 code [0x00000000033e5560, 0x00000000033e5898]
Event: 5.369 Thread 0x0000000017e4c800 2110       4       java.net.URLClassLoader$1::run (5 bytes)

GC Heap History (10 events):
Event: 2.078 GC heap before
{Heap before GC invocations=3 (full 0):
 PSYoungGen      total 28672K, used 28668K [0x00000000e0700000, 0x00000000e2700000, 0x0000000100000000)
  eden space 24576K, 100% used [0x00000000e0700000,0x00000000e1f00000,0x00000000e1f00000)
  from space 4096K, 99% used [0x00000000e2300000,0x00000000e26ff2d0,0x00000000e2700000)
  to   space 4096K, 0% used [0x00000000e1f00000,0x00000000e1f00000,0x00000000e2300000)
 ParOldGen       total 65536K, used 1922K [0x00000000a1400000, 0x00000000a5400000, 0x00000000e0700000)
  object space 65536K, 2% used [0x00000000a1400000,0x00000000a15e0948,0x00000000a5400000)
 Metaspace       used 15622K, capacity 16260K, committed 16512K, reserved 1062912K
  class space    used 1880K, capacity 2060K, committed 2176K, reserved 1048576K
Event: 2.083 GC heap after
Heap after GC invocations=3 (full 0):
 PSYoungGen      total 28672K, used 4091K [0x00000000e0700000, 0x00000000e3f00000, 0x0000000100000000)
  eden space 24576K, 0% used [0x00000000e0700000,0x00000000e0700000,0x00000000e1f00000)
  from space 4096K, 99% used [0x00000000e1f00000,0x00000000e22feeb0,0x00000000e2300000)
  to   space 4096K, 0% used [0x00000000e3b00000,0x00000000e3b00000,0x00000000e3f00000)
 ParOldGen       total 65536K, used 2792K [0x00000000a1400000, 0x00000000a5400000, 0x00000000e0700000)
  object space 65536K, 4% used [0x00000000a1400000,0x00000000a16ba330,0x00000000a5400000)
 Metaspace       used 15622K, capacity 16260K, committed 16512K, reserved 1062912K
  class space    used 1880K, capacity 2060K, committed 2176K, reserved 1048576K
}
Event: 2.423 GC heap before
{Heap before GC invocations=4 (full 0):
 PSYoungGen      total 28672K, used 28667K [0x00000000e0700000, 0x00000000e3f00000, 0x0000000100000000)
  eden space 24576K, 100% used [0x00000000e0700000,0x00000000e1f00000,0x00000000e1f00000)
  from space 4096K, 99% used [0x00000000e1f00000,0x00000000e22feeb0,0x00000000e2300000)
  to   space 4096K, 0% used [0x00000000e3b00000,0x00000000e3b00000,0x00000000e3f00000)
 ParOldGen       total 65536K, used 2792K [0x00000000a1400000, 0x00000000a5400000, 0x00000000e0700000)
  object space 65536K, 4% used [0x00000000a1400000,0x00000000a16ba330,0x00000000a5400000)
 Metaspace       used 17569K, capacity 18440K, committed 18560K, reserved 1064960K
  class space    used 2155K, capacity 2376K, committed 2432K, reserved 1048576K
Event: 2.429 GC heap after
Heap after GC invocations=4 (full 0):
 PSYoungGen      total 53248K, used 4087K [0x00000000e0700000, 0x00000000e3f00000, 0x0000000100000000)
  eden space 49152K, 0% used [0x00000000e0700000,0x00000000e0700000,0x00000000e3700000)
  from space 4096K, 99% used [0x00000000e3b00000,0x00000000e3efdf68,0x00000000e3f00000)
  to   space 4096K, 0% used [0x00000000e3700000,0x00000000e3700000,0x00000000e3b00000)
 ParOldGen       total 65536K, used 4120K [0x00000000a1400000, 0x00000000a5400000, 0x00000000e0700000)
  object space 65536K, 6% used [0x00000000a1400000,0x00000000a1806168,0x00000000a5400000)
 Metaspace       used 17569K, capacity 18440K, committed 18560K, reserved 1064960K
  class space    used 2155K, capacity 2376K, committed 2432K, reserved 1048576K
}
Event: 3.041 GC heap before
{Heap before GC invocations=5 (full 0):
 PSYoungGen      total 53248K, used 22633K [0x00000000e0700000, 0x00000000e3f00000, 0x0000000100000000)
  eden space 49152K, 37% used [0x00000000e0700000,0x00000000e191c730,0x00000000e3700000)
  from space 4096K, 99% used [0x00000000e3b00000,0x00000000e3efdf68,0x00000000e3f00000)
  to   space 4096K, 0% used [0x00000000e3700000,0x00000000e3700000,0x00000000e3b00000)
 ParOldGen       total 65536K, used 4120K [0x00000000a1400000, 0x00000000a5400000, 0x00000000e0700000)
  object space 65536K, 6% used [0x00000000a1400000,0x00000000a1806168,0x00000000a5400000)
 Metaspace       used 20232K, capacity 21136K, committed 21296K, reserved 1069056K
  class space    used 2470K, capacity 2686K, committed 2688K, reserved 1048576K
Event: 3.048 GC heap after
Heap after GC invocations=5 (full 0):
 PSYoungGen      total 53248K, used 4087K [0x00000000e0700000, 0x00000000e7300000, 0x0000000100000000)
  eden space 49152K, 0% used [0x00000000e0700000,0x00000000e0700000,0x00000000e3700000)
  from space 4096K, 99% used [0x00000000e3700000,0x00000000e3afdf48,0x00000000e3b00000)
  to   space 6144K, 0% used [0x00000000e6d00000,0x00000000e6d00000,0x00000000e7300000)
 ParOldGen       total 65536K, used 6075K [0x00000000a1400000, 0x00000000a5400000, 0x00000000e0700000)
  object space 65536K, 9% used [0x00000000a1400000,0x00000000a19eed10,0x00000000a5400000)
 Metaspace       used 20232K, capacity 21136K, committed 21296K, reserved 1069056K
  class space    used 2470K, capacity 2686K, committed 2688K, reserved 1048576K
}
Event: 3.048 GC heap before
{Heap before GC invocations=6 (full 1):
 PSYoungGen      total 53248K, used 4087K [0x00000000e0700000, 0x00000000e7300000, 0x0000000100000000)
  eden space 49152K, 0% used [0x00000000e0700000,0x00000000e0700000,0x00000000e3700000)
  from space 4096K, 99% used [0x00000000e3700000,0x00000000e3afdf48,0x00000000e3b00000)
  to   space 6144K, 0% used [0x00000000e6d00000,0x00000000e6d00000,0x00000000e7300000)
 ParOldGen       total 65536K, used 6075K [0x00000000a1400000, 0x00000000a5400000, 0x00000000e0700000)
  object space 65536K, 9% used [0x00000000a1400000,0x00000000a19eed10,0x00000000a5400000)
 Metaspace       used 20232K, capacity 21136K, committed 21296K, reserved 1069056K
  class space    used 2470K, capacity 2686K, committed 2688K, reserved 1048576K
Event: 3.080 GC heap after
Heap after GC invocations=6 (full 1):
 PSYoungGen      total 53248K, used 0K [0x00000000e0700000, 0x00000000e7300000, 0x0000000100000000)
  eden space 49152K, 0% used [0x00000000e0700000,0x00000000e0700000,0x00000000e3700000)
  from space 4096K, 0% used [0x00000000e3700000,0x00000000e3700000,0x00000000e3b00000)
  to   space 6144K, 0% used [0x00000000e6d00000,0x00000000e6d00000,0x00000000e7300000)
 ParOldGen       total 44544K, used 5991K [0x00000000a1400000, 0x00000000a3f80000, 0x00000000e0700000)
  object space 44544K, 13% used [0x00000000a1400000,0x00000000a19d9f50,0x00000000a3f80000)
 Metaspace       used 20232K, capacity 21136K, committed 21296K, reserved 1069056K
  class space    used 2470K, capacity 2686K, committed 2688K, reserved 1048576K
}
Event: 3.816 GC heap before
{Heap before GC invocations=7 (full 1):
 PSYoungGen      total 53248K, used 49152K [0x00000000e0700000, 0x00000000e7300000, 0x0000000100000000)
  eden space 49152K, 100% used [0x00000000e0700000,0x00000000e3700000,0x00000000e3700000)
  from space 4096K, 0% used [0x00000000e3700000,0x00000000e3700000,0x00000000e3b00000)
  to   space 6144K, 0% used [0x00000000e6d00000,0x00000000e6d00000,0x00000000e7300000)
 ParOldGen       total 44544K, used 5991K [0x00000000a1400000, 0x00000000a3f80000, 0x00000000e0700000)
  object space 44544K, 13% used [0x00000000a1400000,0x00000000a19d9f50,0x00000000a3f80000)
 Metaspace       used 25942K, capacity 27070K, committed 27392K, reserved 1073152K
  class space    used 3242K, capacity 3519K, committed 3584K, reserved 1048576K
Event: 3.824 GC heap after
Heap after GC invocations=7 (full 1):
 PSYoungGen      total 81408K, used 6126K [0x00000000e0700000, 0x00000000e7300000, 0x0000000100000000)
  eden space 75264K, 0% used [0x00000000e0700000,0x00000000e0700000,0x00000000e5080000)
  from space 6144K, 99% used [0x00000000e6d00000,0x00000000e72fb8e8,0x00000000e7300000)
  to   space 7680K, 0% used [0x00000000e6400000,0x00000000e6400000,0x00000000e6b80000)
 ParOldGen       total 44544K, used 7754K [0x00000000a1400000, 0x00000000a3f80000, 0x00000000e0700000)
  object space 44544K, 17% used [0x00000000a1400000,0x00000000a1b928d8,0x00000000a3f80000)
 Metaspace       used 25942K, capacity 27070K, committed 27392K, reserved 1073152K
  class space    used 3242K, capacity 3519K, committed 3584K, reserved 1048576K
}

Deoptimization events (10 events):
Event: 3.412 Thread 0x0000000002beb800 Uncommon trap: reason=unstable_if action=reinterpret pc=0x00000000031fd788 method=java.lang.Integer.parseInt(Ljava/lang/String;I)I @ 122
Event: 3.490 Thread 0x0000000002beb800 Uncommon trap: reason=bimorphic action=maybe_recompile pc=0x0000000003270ec0 method=java.util.regex.Pattern$Curly.match(Ljava/util/regex/Matcher;ILjava/lang/CharSequence;)Z @ 19
Event: 3.490 Thread 0x0000000002beb800 Uncommon trap: reason=bimorphic action=maybe_recompile pc=0x0000000003270ec0 method=java.util.regex.Pattern$Curly.match(Ljava/util/regex/Matcher;ILjava/lang/CharSequence;)Z @ 19
Event: 3.490 Thread 0x0000000002beb800 Uncommon trap: reason=bimorphic action=maybe_recompile pc=0x0000000003270ec0 method=java.util.regex.Pattern$Curly.match(Ljava/util/regex/Matcher;ILjava/lang/CharSequence;)Z @ 19
Event: 3.490 Thread 0x0000000002beb800 Uncommon trap: reason=bimorphic action=maybe_recompile pc=0x0000000003270ec0 method=java.util.regex.Pattern$Curly.match(Ljava/util/regex/Matcher;ILjava/lang/CharSequence;)Z @ 19
Event: 3.514 Thread 0x0000000002beb800 Uncommon trap: reason=unstable_if action=reinterpret pc=0x000000000331f598 method=sun.misc.URLClassPath$JarLoader.getResource(Ljava/lang/String;ZLjava/util/Set;)Lsun/misc/Resource; @ 17
Event: 3.840 Thread 0x0000000002beb800 Uncommon trap: reason=range_check action=make_not_entrant pc=0x000000000335996c method=java.lang.String.charAt(I)C @ 27
Event: 3.846 Thread 0x0000000002beb800 Uncommon trap: reason=unstable_if action=reinterpret pc=0x0000000002e6b65c method=java.lang.String.replace(CC)Ljava/lang/String; @ 2
Event: 4.410 Thread 0x0000000002beb800 Uncommon trap: reason=unstable_if action=reinterpret pc=0x000000000308e5d4 method=jdk.internal.org.objectweb.asm.Type.getArgumentsAndReturnSizes(Ljava/lang/String;)I @ 41
Event: 4.578 Thread 0x0000000002beb800 Uncommon trap: reason=unstable_if action=reinterpret pc=0x00000000031f2868 method=java.util.regex.Pattern$BmpCharProperty.match(Ljava/util/regex/Matcher;ILjava/lang/CharSequence;)Z @ 34

Classes redefined (0 events):
No events

Internal exceptions (10 events):
Event: 3.366 Thread 0x0000000002beb800 Exception <a 'java/lang/NoSuchMethodError': java.lang.Object.lambda$create$0(Lorg/openqa/selenium/remote/http/HttpClient$Factory;)Z> (0x00000000e1b4e688) thrown at [C:\re\workspace\8-2-build-windows-amd64-cygwin\jdk8u202\12323\hotspot\src\share\vm\interpr
Event: 3.367 Thread 0x0000000002beb800 Exception <a 'java/lang/NoSuchMethodError': java.lang.Object.lambda$create$1(Ljava/lang/String;Lorg/openqa/selenium/remote/http/HttpClient$Factory;)Z> (0x00000000e1b518f0) thrown at [C:\re\workspace\8-2-build-windows-amd64-cygwin\jdk8u202\12323\hotspot\sr
Event: 3.439 Thread 0x0000000002beb800 Exception <a 'java/lang/NoClassDefFoundError'> (0x00000000e20bbcf8) thrown at [C:\re\workspace\8-2-build-windows-amd64-cygwin\jdk8u202\12323\hotspot\src\share\vm\oops\instanceKlass.cpp, line 959]
Event: 3.441 Thread 0x0000000002beb800 Exception <a 'java/lang/NoClassDefFoundError': org/apache/logging/log4j/spi/ExtendedLoggerWrapper> (0x00000000e20db9f0) thrown at [C:\re\workspace\8-2-build-windows-amd64-cygwin\jdk8u202\12323\hotspot\src\share\vm\classfile\systemDictionary.cpp, line 199]
Event: 3.441 Thread 0x0000000002beb800 Exception <a 'java/lang/NoClassDefFoundError'> (0x00000000e20db9f0) thrown at [C:\re\workspace\8-2-build-windows-amd64-cygwin\jdk8u202\12323\hotspot\src\share\vm\prims\jvm.cpp, line 1506]
Event: 3.443 Thread 0x0000000002beb800 Exception <a 'java/lang/NoClassDefFoundError': org/apache/log4j/Priority> (0x00000000e20f76f8) thrown at [C:\re\workspace\8-2-build-windows-amd64-cygwin\jdk8u202\12323\hotspot\src\share\vm\classfile\systemDictionary.cpp, line 199]
Event: 3.773 Thread 0x0000000002beb800 Exception <a 'java/lang/NoSuchMethodError': java.lang.Object.lambda$andFinally$1(Lorg/openqa/selenium/remote/http/HttpHandler;Lorg/openqa/selenium/remote/http/HttpRequest;)Lorg/openqa/selenium/remote/http/HttpResponse;> (0x00000000e34c4130) thrown at [C:\
Event: 4.371 Thread 0x000000001d23d800 Exception <a 'java/net/SocketTimeoutException': connect timed out> (0x00000000e097a800) thrown at [C:\re\workspace\8-2-build-windows-amd64-cygwin\jdk8u202\12323\hotspot\src\share\vm\prims\jni.cpp, line 736]
Event: 4.462 Thread 0x0000000002beb800 Exception <a 'java/lang/NoSuchMethodError': java.lang.Object.lambda$chars$0()Ljava/util/Spliterator$OfInt;> (0x00000000e0cd5d78) thrown at [C:\re\workspace\8-2-build-windows-amd64-cygwin\jdk8u202\12323\hotspot\src\share\vm\interpreter\linkResolver.cpp, li
Event: 4.528 Thread 0x0000000002beb800 Exception <a 'java/lang/NoSuchMethodError': java.lang.Object.lambda$negate$1(Ljava/lang/Object;)Z> (0x00000000e0fe9698) thrown at [C:\re\workspace\8-2-build-windows-amd64-cygwin\jdk8u202\12323\hotspot\src\share\vm\interpreter\linkResolver.cpp, line 620]

Events (10 events):
Event: 5.371 loading class io/netty/buffer/PoolThreadCache$MemoryRegionCache$Entry
Event: 5.371 loading class io/netty/buffer/PoolThreadCache$MemoryRegionCache$Entry done
Event: 5.372 loading class sun/nio/ch/IOVecWrapper
Event: 5.372 loading class sun/nio/ch/IOVecWrapper done
Event: 5.372 loading class sun/nio/ch/IOVecWrapper$Deallocator
Event: 5.372 loading class sun/nio/ch/IOVecWrapper$Deallocator done
Event: 5.372 loading class io/netty/util/internal/PromiseNotificationUtil
Event: 5.372 loading class io/netty/util/internal/PromiseNotificationUtil done
Event: 5.373 loading class org/asynchttpclient/AsyncHandler$State
Event: 5.373 loading class org/asynchttpclient/AsyncHandler$State done


Dynamic libraries:
0x00007ff629ae0000 - 0x00007ff629b17000 	C:\Program Files\Java\jdk1.8.0_202\bin\javaw.exe
0x00007ff9f86f0000 - 0x00007ff9f8904000 	C:\WINDOWS\SYSTEM32\ntdll.dll
0x00007ff9f8550000 - 0x00007ff9f8613000 	C:\WINDOWS\System32\KERNEL32.DLL
0x00007ff9f60f0000 - 0x00007ff9f648c000 	C:\WINDOWS\System32\KERNELBASE.dll
0x00007ff9f3ab0000 - 0x00007ff9f3b47000 	C:\WINDOWS\SYSTEM32\apphelp.dll
0x00007ff9b4480000 - 0x00007ff9b491e000 	C:\WINDOWS\SYSTEM32\AcLayers.DLL
0x00007ff9f76d0000 - 0x00007ff9f7777000 	C:\WINDOWS\System32\msvcrt.dll
0x00007ff9f6790000 - 0x00007ff9f67ee000 	C:\WINDOWS\System32\SHLWAPI.dll
0x00007ff9a5000000 - 0x00007ff9a5015000 	C:\WINDOWS\SYSTEM32\SortWindows6Compat.dll
0x00007ff9f68f0000 - 0x00007ff9f699e000 	C:\WINDOWS\System32\ADVAPI32.dll
0x00007ff9f67f0000 - 0x00007ff9f6894000 	C:\WINDOWS\System32\sechost.dll
0x00007ff9f73f0000 - 0x00007ff9f7505000 	C:\WINDOWS\System32\RPCRT4.dll
0x00007ff9f6500000 - 0x00007ff9f66ad000 	C:\WINDOWS\System32\USER32.dll
0x00007ff9f60c0000 - 0x00007ff9f60e6000 	C:\WINDOWS\System32\win32u.dll
0x00007ff9f79f0000 - 0x00007ff9f7a19000 	C:\WINDOWS\System32\GDI32.dll
0x00007ff9f5db0000 - 0x00007ff9f5ec3000 	C:\WINDOWS\System32\gdi32full.dll
0x00007ff9f5c50000 - 0x00007ff9f5cea000 	C:\WINDOWS\System32\msvcp_win.dll
0x00007ff9f5b30000 - 0x00007ff9f5c41000 	C:\WINDOWS\System32\ucrtbase.dll
0x00007ff9dd140000 - 0x00007ff9dd3ce000 	C:\WINDOWS\WinSxS\amd64_microsoft.windows.common-controls_6595b64144ccf1df_6.0.22621.608_none_a9444ca7c10bb01d\COMCTL32.dll
0x00007ff9f68b0000 - 0x00007ff9f68e1000 	C:\WINDOWS\System32\IMM32.DLL
0x0000000064980000 - 0x0000000064a52000 	C:\Program Files\Java\jdk1.8.0_202\jre\bin\msvcr100.dll
0x00000000640d0000 - 0x0000000064975000 	C:\Program Files\Java\jdk1.8.0_202\jre\bin\server\jvm.dll
0x00007ff9f8540000 - 0x00007ff9f8548000 	C:\WINDOWS\System32\PSAPI.DLL
0x00007ff9a4fb0000 - 0x00007ff9a4fb9000 	C:\WINDOWS\SYSTEM32\WSOCK32.dll
0x00007ff9eef60000 - 0x00007ff9eef94000 	C:\WINDOWS\SYSTEM32\WINMM.dll
0x00007ff9ed590000 - 0x00007ff9ed59a000 	C:\WINDOWS\SYSTEM32\VERSION.dll
0x00007ff9f7370000 - 0x00007ff9f73e1000 	C:\WINDOWS\System32\WS2_32.dll
0x00007ff9e1d60000 - 0x00007ff9e1d6f000 	C:\Program Files\Java\jdk1.8.0_202\jre\bin\verify.dll
0x00007ff9d6ec0000 - 0x00007ff9d6ee9000 	C:\Program Files\Java\jdk1.8.0_202\jre\bin\java.dll
0x00007ff9ce5e0000 - 0x00007ff9ce5f6000 	C:\Program Files\Java\jdk1.8.0_202\jre\bin\zip.dll
0x00007ff9f7a30000 - 0x00007ff9f8220000 	C:\WINDOWS\System32\SHELL32.dll
0x00007ff9ee620000 - 0x00007ff9eeeee000 	C:\WINDOWS\SYSTEM32\windows.storage.dll
0x00007ff9f6e20000 - 0x00007ff9f71a9000 	C:\WINDOWS\System32\combase.dll
0x00007ff9f00e0000 - 0x00007ff9f021e000 	C:\WINDOWS\SYSTEM32\wintypes.dll
0x00007ff9f8360000 - 0x00007ff9f8451000 	C:\WINDOWS\System32\SHCORE.dll
0x00007ff9f5a60000 - 0x00007ff9f5a81000 	C:\WINDOWS\SYSTEM32\profapi.dll
0x00007ff9cbbc0000 - 0x00007ff9cbbda000 	C:\Program Files\Java\jdk1.8.0_202\jre\bin\net.dll
0x00007ff9d3ee0000 - 0x00007ff9d40d0000 	C:\WINDOWS\SYSTEM32\urlmon.dll
0x00007ff9d9140000 - 0x00007ff9d93f1000 	C:\WINDOWS\SYSTEM32\iertutil.dll
0x00007ff9d9110000 - 0x00007ff9d9138000 	C:\WINDOWS\SYSTEM32\srvcli.dll
0x00007ff9f4620000 - 0x00007ff9f462c000 	C:\WINDOWS\SYSTEM32\netutils.dll
0x00007ff9f4ff0000 - 0x00007ff9f5059000 	C:\WINDOWS\system32\mswsock.dll
0x00007ff9f46d0000 - 0x00007ff9f47c3000 	C:\WINDOWS\SYSTEM32\DNSAPI.dll
0x00007ff9f4660000 - 0x00007ff9f468d000 	C:\WINDOWS\SYSTEM32\IPHLPAPI.DLL
0x00007ff9f77d0000 - 0x00007ff9f77d9000 	C:\WINDOWS\System32\NSI.dll
0x00007ff9e0760000 - 0x00007ff9e076a000 	C:\Windows\System32\rasadhlp.dll
0x00007ff9ece40000 - 0x00007ff9ecec3000 	C:\WINDOWS\System32\fwpuclnt.dll
0x00007ff9f5250000 - 0x00007ff9f526b000 	C:\WINDOWS\SYSTEM32\CRYPTSP.dll
0x00007ff9f4af0000 - 0x00007ff9f4b25000 	C:\WINDOWS\system32\rsaenh.dll
0x00007ff9f50f0000 - 0x00007ff9f5118000 	C:\WINDOWS\SYSTEM32\USERENV.dll
0x00007ff9f53f0000 - 0x00007ff9f5418000 	C:\WINDOWS\SYSTEM32\bcrypt.dll
0x00007ff9f5ed0000 - 0x00007ff9f5f4b000 	C:\WINDOWS\System32\bcryptprimitives.dll
0x00007ff9f5270000 - 0x00007ff9f527c000 	C:\WINDOWS\SYSTEM32\CRYPTBASE.dll
0x00007ff9eef40000 - 0x00007ff9eef59000 	C:\WINDOWS\SYSTEM32\dhcpcsvc6.DLL
0x00007ff9eeef0000 - 0x00007ff9eef0f000 	C:\WINDOWS\SYSTEM32\dhcpcsvc.DLL
0x00007ff9cb260000 - 0x00007ff9cb272000 	C:\Program Files\Java\jdk1.8.0_202\jre\bin\nio.dll
0x00007ff9c9780000 - 0x00007ff9c97a4000 	C:\Program Files\Java\jdk1.8.0_202\jre\bin\sunec.dll
0x00007ff9ce760000 - 0x00007ff9ce76b000 	C:\Program Files\Java\jdk1.8.0_202\jre\bin\sunmscapi.dll
0x00007ff9f5f50000 - 0x00007ff9f60b6000 	C:\WINDOWS\System32\CRYPT32.dll
0x00007ff9ce580000 - 0x00007ff9ce58d000 	C:\Program Files\Java\jdk1.8.0_202\jre\bin\management.dll
0x00007ff9d8630000 - 0x00007ff9d8647000 	C:\WINDOWS\system32\napinsp.dll
0x00007ff9d8530000 - 0x00007ff9d854b000 	C:\WINDOWS\system32\pnrpnsp.dll
0x00007ff9d80e0000 - 0x00007ff9d80f1000 	C:\WINDOWS\System32\winrnr.dll
0x00007ff9d80c0000 - 0x00007ff9d80d5000 	C:\WINDOWS\system32\wshbth.dll
0x00007ff9d8090000 - 0x00007ff9d80b1000 	C:\WINDOWS\system32\nlansp_c.dll

VM Arguments:
jvm_args: -ea -Dfile.encoding=Cp1252 
java_command: org.testng.remote.RemoteTestNG -serport 50287 -protocol json -d E:\SDET Training WS\MiniCaseStudyCucumber\test-output C:\Users\MOHANA~1\AppData\Local\Temp\testng-eclipse-2051749853\testng-customsuite.xml
java_class_path (initial): C:\Users\mohanapriya\eclipse\java-2022-03\eclipse\configuration\org.eclipse.osgi\433\0\.cp\lib\testng-remote.jar;E:\SDET Training WS\MiniCaseStudyCucumber\target\test-classes;E:\SDET Training WS\MiniCaseStudyCucumber\target\classes;C:\Users\mohanapriya\.p2\pool\plugins\org.testng_7.4.0.r202105021533.jar;C:\Users\mohanapriya\.p2\pool\plugins\com.beust.jcommander_1.78.0.jar;C:\Users\mohanapriya\.p2\pool\plugins\org.apache-extras.beanshell.bsh_2.0.0.b6.jar;C:\Users\mohanapriya\.p2\pool\plugins\org.yaml.snakeyaml_1.21.0.jar;C:\Users\mohanapriya\.p2\pool\plugins\org.webjars.jquery_3.5.1.jar;C:\Users\mohanapriya\.m2\repository\org\seleniumhq\selenium\selenium-java\4.6.0\selenium-java-4.6.0.jar;C:\Users\mohanapriya\.m2\repository\org\seleniumhq\selenium\selenium-api\4.6.0\selenium-api-4.6.0.jar;C:\Users\mohanapriya\.m2\repository\org\seleniumhq\selenium\selenium-chrome-driver\4.6.0\selenium-chrome-driver-4.6.0.jar;C:\Users\mohanapriya\.m2\repository\com\google\auto\service\auto-service-annotations\1.0.1\auto-service-annotations-1.0.1.jar;C:\Users\mohanapriya\.m2\repository\com\google\auto\service\auto-service\1.0.1\auto-service-1.0.1.jar;C:\Users\mohanapriya\.m2\repository\com\google\auto\auto-common\1.2\auto-common-1.2.jar;C:\Users\mohanapriya\.m2\repository\com\google\guava\guava\31.1-jre\guava-31.1-jre.jar;C:\Users\mohanapriya\.m2\repository\com\google\guava\failureaccess\1.0.1\failureaccess-1.0.1.jar;C:\Users\mohanapriya\.m2\repository\com\google\guava\listenablefuture\9999.0-empty-to-avoid-conflict-with-guava\listenablefuture-9999.0-empty-to-avoid-conflict-with-guava.jar;C:\Users\mohanapriya\.m2\repository\com\google\code\findbugs\jsr305\3.0.2\jsr305-3.0.2.jar;C:\Users\mohanapriya\.m2\repository\org\checkerframework\checker-qual\3.12.0\checker-qual-3.12.0.jar;C:\Users\mohanapriya\.m2\repository\com\google\errorprone\error_prone_annotations\2.11.0\error_prone_annotations-2.11.0.jar;C:\Users\mohanapriya\.m2\repository\com\google\j2objc\j2obj
Launcher Type: SUN_STANDARD

Environment Variables:
JAVA_HOME=C:\Program Files\Java\jdk1.8.0_202
PATH=C:/Users/mohanapriya/.p2/pool/plugins/org.eclipse.justj.openjdk.hotspot.jre.full.win32.x86_64_17.0.2.v20220201-1208/jre/bin/server;C:/Users/mohanapriya/.p2/pool/plugins/org.eclipse.justj.openjdk.hotspot.jre.full.win32.x86_64_17.0.2.v20220201-1208/jre/bin;C:\Program Files (x86)\Common Files\Oracle\Java\javapath;C:\Program Files\Java\jdk1.8.0_202;C:\Program Files\apache-maven-3.9.0\bin;C:\WINDOWS\system32;C:\WINDOWS;C:\WINDOWS\System32\Wbem;C:\WINDOWS\System32\WindowsPowerShell\v1.0\;C:\WINDOWS\System32\OpenSSH\;C:\Program Files\Java\jdk1.8.0_202\bin;C:\Program Files\apache-maven-3.9.0\bin;C:\Program Files\Git\cmd;C:\Users\mohanapriya\AppData\Local\Programs\Python\Python37\Scripts\;C:\Users\mohanapriya\AppData\Local\Programs\Python\Python37\;C:\Program Files\MySQL\MySQL Shell 8.0\bin\;C:\Python\Python37\Scripts\;C:\Python\Python37\;C:\Users\mohanapriya\AppData\Local\Microsoft\WindowsApps;C:\Program Files\CodeBlocks\MinGW\bin;C:\Users\mohanapriya\AppData\Local\Programs\Microsoft VS Code\bin;C:\Users\mohanapriya\OneDrive\Desktop;
USERNAME=mohanapriya
OS=Windows_NT
PROCESSOR_IDENTIFIER=AMD64 Family 23 Model 24 Stepping 1, AuthenticAMD



---------------  S Y S T E M  ---------------

OS: Windows 10.0 , 64 bit Build 22621 (10.0.22621.1344)

CPU:total 8 (initial active 8) (8 cores per cpu, 1 threads per core) family 23 model 24 stepping 1, cmov, cx8, fxsr, mmx, sse, sse2, sse3, ssse3, sse4.1, sse4.2, popcnt, avx, avx2, aes, clmul, mmxext, 3dnowpref, lzcnt, sse4a, tsc, tscinvbit, tscinv, bmi1

Memory: 4k page, physical 6203148k(1267052k free), swap 8300300k(3076k free)

vm_info: Java HotSpot(TM) 64-Bit Server VM (25.202-b08) for windows-amd64 JRE (1.8.0_202-b08), built on Dec 15 2018 19:54:30 by "java_re" with MS VC++ 10.0 (VS2010)

time: Fri Mar 17 13:55:53 2023
timezone: India Standard Time
elapsed time: 6 seconds (0d 0h 0m 6s)

